CRITICAL - 2023-05-31 10:26:52 --> Invalid file: "frontend/blog.php"
in SYSTEMPATH\Exceptions\FrameworkException.php on line 33.
 1 SYSTEMPATH\View\View.php(201): CodeIgniter\Exceptions\FrameworkException::forInvalidFile('frontend/blog.php')
 2 SYSTEMPATH\Common.php(1184): CodeIgniter\View\View->render('frontend/blog', [], true)
 3 APPPATH\Controllers\Blog.php(50): view('frontend/blog', [...])
 4 SYSTEMPATH\CodeIgniter.php(934): App\Controllers\Blog->index()
 5 SYSTEMPATH\CodeIgniter.php(499): CodeIgniter\CodeIgniter->runController(Object(App\Controllers\Blog))
 6 SYSTEMPATH\CodeIgniter.php(368): CodeIgniter\CodeIgniter->handleRequest(null, Object(Config\Cache), false)
 7 FCPATH\index.php(67): CodeIgniter\CodeIgniter->run()
CRITICAL - 2023-05-31 10:26:57 --> Invalid file: "frontend/blog.php"
in SYSTEMPATH\Exceptions\FrameworkException.php on line 33.
 1 SYSTEMPATH\View\View.php(201): CodeIgniter\Exceptions\FrameworkException::forInvalidFile('frontend/blog.php')
 2 SYSTEMPATH\Common.php(1184): CodeIgniter\View\View->render('frontend/blog', [], true)
 3 APPPATH\Controllers\Blog.php(50): view('frontend/blog', [...])
 4 SYSTEMPATH\CodeIgniter.php(934): App\Controllers\Blog->index()
 5 SYSTEMPATH\CodeIgniter.php(499): CodeIgniter\CodeIgniter->runController(Object(App\Controllers\Blog))
 6 SYSTEMPATH\CodeIgniter.php(368): CodeIgniter\CodeIgniter->handleRequest(null, Object(Config\Cache), false)
 7 FCPATH\index.php(67): CodeIgniter\CodeIgniter->run()
CRITICAL - 2023-05-31 10:28:06 --> Undefined constant "App\Controllers\e"
in APPPATH\Controllers\Blog.php on line 50.
 1 SYSTEMPATH\CodeIgniter.php(934): App\Controllers\Blog->index()
 2 SYSTEMPATH\CodeIgniter.php(499): CodeIgniter\CodeIgniter->runController(Object(App\Controllers\Blog))
 3 SYSTEMPATH\CodeIgniter.php(368): CodeIgniter\CodeIgniter->handleRequest(null, Object(Config\Cache), false)
 4 FCPATH\index.php(67): CodeIgniter\CodeIgniter->run()
CRITICAL - 2023-05-31 10:28:08 --> Undefined constant "App\Controllers\e"
in APPPATH\Controllers\Blog.php on line 50.
 1 SYSTEMPATH\CodeIgniter.php(934): App\Controllers\Blog->index()
 2 SYSTEMPATH\CodeIgniter.php(499): CodeIgniter\CodeIgniter->runController(Object(App\Controllers\Blog))
 3 SYSTEMPATH\CodeIgniter.php(368): CodeIgniter\CodeIgniter->handleRequest(null, Object(Config\Cache), false)
 4 FCPATH\index.php(67): CodeIgniter\CodeIgniter->run()
CRITICAL - 2023-05-31 10:28:09 --> Undefined constant "App\Controllers\e"
in APPPATH\Controllers\Blog.php on line 50.
 1 SYSTEMPATH\CodeIgniter.php(934): App\Controllers\Blog->index()
 2 SYSTEMPATH\CodeIgniter.php(499): CodeIgniter\CodeIgniter->runController(Object(App\Controllers\Blog))
 3 SYSTEMPATH\CodeIgniter.php(368): CodeIgniter\CodeIgniter->handleRequest(null, Object(Config\Cache), false)
 4 FCPATH\index.php(67): CodeIgniter\CodeIgniter->run()
CRITICAL - 2023-05-31 10:28:09 --> Undefined constant "App\Controllers\e"
in APPPATH\Controllers\Blog.php on line 50.
 1 SYSTEMPATH\CodeIgniter.php(934): App\Controllers\Blog->index()
 2 SYSTEMPATH\CodeIgniter.php(499): CodeIgniter\CodeIgniter->runController(Object(App\Controllers\Blog))
 3 SYSTEMPATH\CodeIgniter.php(368): CodeIgniter\CodeIgniter->handleRequest(null, Object(Config\Cache), false)
 4 FCPATH\index.php(67): CodeIgniter\CodeIgniter->run()
CRITICAL - 2023-05-31 10:28:12 --> Arguments must be separated by a comma. Unexpected token "name" of value "blog" ("punctuation" expected with value ",").
in APPPATH\Views\frontend\blog.twig on line 22.
 1 VENDORPATH\twig\twig\src\ExpressionParser.php(594): Twig\TokenStream->expect(9, ',', 'Arguments must be separated by a comma')
 2 VENDORPATH\twig\twig\src\ExpressionParser.php(458): Twig\ExpressionParser->parseArguments(true)
 3 VENDORPATH\twig\twig\src\ExpressionParser.php(237): Twig\ExpressionParser->getFunctionNode('base_url', 22)
 4 VENDORPATH\twig\twig\src\ExpressionParser.php(177): Twig\ExpressionParser->parsePrimaryExpression()
 5 VENDORPATH\twig\twig\src\ExpressionParser.php(72): Twig\ExpressionParser->getPrimary()
 6 VENDORPATH\twig\twig\src\Parser.php(127): Twig\ExpressionParser->parseExpression()
 7 VENDORPATH\twig\twig\src\TokenParser\ForTokenParser.php(42): Twig\Parser->subparse([...])
 8 VENDORPATH\twig\twig\src\Parser.php(170): Twig\TokenParser\ForTokenParser->parse(Object(Twig\Token))
 9 VENDORPATH\twig\twig\src\Parser.php(83): Twig\Parser->subparse(null, false)
10 VENDORPATH\twig\twig\src\Environment.php(491): Twig\Parser->parse(Object(Twig\TokenStream))
11 VENDORPATH\twig\twig\src\Environment.php(519): Twig\Environment->parse(Object(Twig\TokenStream))
12 VENDORPATH\twig\twig\src\Environment.php(351): Twig\Environment->compileSource(Object(Twig\Source))
13 VENDORPATH\twig\twig\src\Environment.php(312): Twig\Environment->loadTemplate('__TwigTemplate_4ba8989efb67b91f80982e2a5114ee08', 'frontend/blog.twig')
14 APPPATH\Libraries\Twig\Twig.php(104): Twig\Environment->load('frontend/blog.twig')
15 APPPATH\Controllers\Blog.php(50): App\Libraries\Twig\Twig->render('frontend/blog', [])
16 SYSTEMPATH\CodeIgniter.php(934): App\Controllers\Blog->index()
17 SYSTEMPATH\CodeIgniter.php(499): CodeIgniter\CodeIgniter->runController(Object(App\Controllers\Blog))
18 SYSTEMPATH\CodeIgniter.php(368): CodeIgniter\CodeIgniter->handleRequest(null, Object(Config\Cache), false)
19 FCPATH\index.php(67): CodeIgniter\CodeIgniter->run()
CRITICAL - 2023-05-31 10:28:13 --> Arguments must be separated by a comma. Unexpected token "name" of value "blog" ("punctuation" expected with value ",").
in APPPATH\Views\frontend\blog.twig on line 22.
 1 VENDORPATH\twig\twig\src\ExpressionParser.php(594): Twig\TokenStream->expect(9, ',', 'Arguments must be separated by a comma')
 2 VENDORPATH\twig\twig\src\ExpressionParser.php(458): Twig\ExpressionParser->parseArguments(true)
 3 VENDORPATH\twig\twig\src\ExpressionParser.php(237): Twig\ExpressionParser->getFunctionNode('base_url', 22)
 4 VENDORPATH\twig\twig\src\ExpressionParser.php(177): Twig\ExpressionParser->parsePrimaryExpression()
 5 VENDORPATH\twig\twig\src\ExpressionParser.php(72): Twig\ExpressionParser->getPrimary()
 6 VENDORPATH\twig\twig\src\Parser.php(127): Twig\ExpressionParser->parseExpression()
 7 VENDORPATH\twig\twig\src\TokenParser\ForTokenParser.php(42): Twig\Parser->subparse([...])
 8 VENDORPATH\twig\twig\src\Parser.php(170): Twig\TokenParser\ForTokenParser->parse(Object(Twig\Token))
 9 VENDORPATH\twig\twig\src\Parser.php(83): Twig\Parser->subparse(null, false)
10 VENDORPATH\twig\twig\src\Environment.php(491): Twig\Parser->parse(Object(Twig\TokenStream))
11 VENDORPATH\twig\twig\src\Environment.php(519): Twig\Environment->parse(Object(Twig\TokenStream))
12 VENDORPATH\twig\twig\src\Environment.php(351): Twig\Environment->compileSource(Object(Twig\Source))
13 VENDORPATH\twig\twig\src\Environment.php(312): Twig\Environment->loadTemplate('__TwigTemplate_4ba8989efb67b91f80982e2a5114ee08', 'frontend/blog.twig')
14 APPPATH\Libraries\Twig\Twig.php(104): Twig\Environment->load('frontend/blog.twig')
15 APPPATH\Controllers\Blog.php(50): App\Libraries\Twig\Twig->render('frontend/blog', [])
16 SYSTEMPATH\CodeIgniter.php(934): App\Controllers\Blog->index()
17 SYSTEMPATH\CodeIgniter.php(499): CodeIgniter\CodeIgniter->runController(Object(App\Controllers\Blog))
18 SYSTEMPATH\CodeIgniter.php(368): CodeIgniter\CodeIgniter->handleRequest(null, Object(Config\Cache), false)
19 FCPATH\index.php(67): CodeIgniter\CodeIgniter->run()
CRITICAL - 2023-05-31 10:28:13 --> Arguments must be separated by a comma. Unexpected token "name" of value "blog" ("punctuation" expected with value ",").
in APPPATH\Views\frontend\blog.twig on line 22.
 1 VENDORPATH\twig\twig\src\ExpressionParser.php(594): Twig\TokenStream->expect(9, ',', 'Arguments must be separated by a comma')
 2 VENDORPATH\twig\twig\src\ExpressionParser.php(458): Twig\ExpressionParser->parseArguments(true)
 3 VENDORPATH\twig\twig\src\ExpressionParser.php(237): Twig\ExpressionParser->getFunctionNode('base_url', 22)
 4 VENDORPATH\twig\twig\src\ExpressionParser.php(177): Twig\ExpressionParser->parsePrimaryExpression()
 5 VENDORPATH\twig\twig\src\ExpressionParser.php(72): Twig\ExpressionParser->getPrimary()
 6 VENDORPATH\twig\twig\src\Parser.php(127): Twig\ExpressionParser->parseExpression()
 7 VENDORPATH\twig\twig\src\TokenParser\ForTokenParser.php(42): Twig\Parser->subparse([...])
 8 VENDORPATH\twig\twig\src\Parser.php(170): Twig\TokenParser\ForTokenParser->parse(Object(Twig\Token))
 9 VENDORPATH\twig\twig\src\Parser.php(83): Twig\Parser->subparse(null, false)
10 VENDORPATH\twig\twig\src\Environment.php(491): Twig\Parser->parse(Object(Twig\TokenStream))
11 VENDORPATH\twig\twig\src\Environment.php(519): Twig\Environment->parse(Object(Twig\TokenStream))
12 VENDORPATH\twig\twig\src\Environment.php(351): Twig\Environment->compileSource(Object(Twig\Source))
13 VENDORPATH\twig\twig\src\Environment.php(312): Twig\Environment->loadTemplate('__TwigTemplate_4ba8989efb67b91f80982e2a5114ee08', 'frontend/blog.twig')
14 APPPATH\Libraries\Twig\Twig.php(104): Twig\Environment->load('frontend/blog.twig')
15 APPPATH\Controllers\Blog.php(50): App\Libraries\Twig\Twig->render('frontend/blog', [])
16 SYSTEMPATH\CodeIgniter.php(934): App\Controllers\Blog->index()
17 SYSTEMPATH\CodeIgniter.php(499): CodeIgniter\CodeIgniter->runController(Object(App\Controllers\Blog))
18 SYSTEMPATH\CodeIgniter.php(368): CodeIgniter\CodeIgniter->handleRequest(null, Object(Config\Cache), false)
19 FCPATH\index.php(67): CodeIgniter\CodeIgniter->run()
CRITICAL - 2023-05-31 10:28:13 --> Arguments must be separated by a comma. Unexpected token "name" of value "blog" ("punctuation" expected with value ",").
in APPPATH\Views\frontend\blog.twig on line 22.
 1 VENDORPATH\twig\twig\src\ExpressionParser.php(594): Twig\TokenStream->expect(9, ',', 'Arguments must be separated by a comma')
 2 VENDORPATH\twig\twig\src\ExpressionParser.php(458): Twig\ExpressionParser->parseArguments(true)
 3 VENDORPATH\twig\twig\src\ExpressionParser.php(237): Twig\ExpressionParser->getFunctionNode('base_url', 22)
 4 VENDORPATH\twig\twig\src\ExpressionParser.php(177): Twig\ExpressionParser->parsePrimaryExpression()
 5 VENDORPATH\twig\twig\src\ExpressionParser.php(72): Twig\ExpressionParser->getPrimary()
 6 VENDORPATH\twig\twig\src\Parser.php(127): Twig\ExpressionParser->parseExpression()
 7 VENDORPATH\twig\twig\src\TokenParser\ForTokenParser.php(42): Twig\Parser->subparse([...])
 8 VENDORPATH\twig\twig\src\Parser.php(170): Twig\TokenParser\ForTokenParser->parse(Object(Twig\Token))
 9 VENDORPATH\twig\twig\src\Parser.php(83): Twig\Parser->subparse(null, false)
10 VENDORPATH\twig\twig\src\Environment.php(491): Twig\Parser->parse(Object(Twig\TokenStream))
11 VENDORPATH\twig\twig\src\Environment.php(519): Twig\Environment->parse(Object(Twig\TokenStream))
12 VENDORPATH\twig\twig\src\Environment.php(351): Twig\Environment->compileSource(Object(Twig\Source))
13 VENDORPATH\twig\twig\src\Environment.php(312): Twig\Environment->loadTemplate('__TwigTemplate_4ba8989efb67b91f80982e2a5114ee08', 'frontend/blog.twig')
14 APPPATH\Libraries\Twig\Twig.php(104): Twig\Environment->load('frontend/blog.twig')
15 APPPATH\Controllers\Blog.php(50): App\Libraries\Twig\Twig->render('frontend/blog', [])
16 SYSTEMPATH\CodeIgniter.php(934): App\Controllers\Blog->index()
17 SYSTEMPATH\CodeIgniter.php(499): CodeIgniter\CodeIgniter->runController(Object(App\Controllers\Blog))
18 SYSTEMPATH\CodeIgniter.php(368): CodeIgniter\CodeIgniter->handleRequest(null, Object(Config\Cache), false)
19 FCPATH\index.php(67): CodeIgniter\CodeIgniter->run()
CRITICAL - 2023-05-31 10:28:32 --> Arguments must be separated by a comma. Unexpected token "name" of value "blog" ("punctuation" expected with value ",").
in APPPATH\Views\frontend\blog.twig on line 22.
 1 VENDORPATH\twig\twig\src\ExpressionParser.php(594): Twig\TokenStream->expect(9, ',', 'Arguments must be separated by a comma')
 2 VENDORPATH\twig\twig\src\ExpressionParser.php(458): Twig\ExpressionParser->parseArguments(true)
 3 VENDORPATH\twig\twig\src\ExpressionParser.php(237): Twig\ExpressionParser->getFunctionNode('base_url', 22)
 4 VENDORPATH\twig\twig\src\ExpressionParser.php(177): Twig\ExpressionParser->parsePrimaryExpression()
 5 VENDORPATH\twig\twig\src\ExpressionParser.php(72): Twig\ExpressionParser->getPrimary()
 6 VENDORPATH\twig\twig\src\Parser.php(127): Twig\ExpressionParser->parseExpression()
 7 VENDORPATH\twig\twig\src\TokenParser\ForTokenParser.php(42): Twig\Parser->subparse([...])
 8 VENDORPATH\twig\twig\src\Parser.php(170): Twig\TokenParser\ForTokenParser->parse(Object(Twig\Token))
 9 VENDORPATH\twig\twig\src\Parser.php(83): Twig\Parser->subparse(null, false)
10 VENDORPATH\twig\twig\src\Environment.php(491): Twig\Parser->parse(Object(Twig\TokenStream))
11 VENDORPATH\twig\twig\src\Environment.php(519): Twig\Environment->parse(Object(Twig\TokenStream))
12 VENDORPATH\twig\twig\src\Environment.php(351): Twig\Environment->compileSource(Object(Twig\Source))
13 VENDORPATH\twig\twig\src\Environment.php(312): Twig\Environment->loadTemplate('__TwigTemplate_4ba8989efb67b91f80982e2a5114ee08', 'frontend/blog.twig')
14 APPPATH\Libraries\Twig\Twig.php(104): Twig\Environment->load('frontend/blog.twig')
15 APPPATH\Controllers\Blog.php(50): App\Libraries\Twig\Twig->render('frontend/blog', [...])
16 SYSTEMPATH\CodeIgniter.php(934): App\Controllers\Blog->index()
17 SYSTEMPATH\CodeIgniter.php(499): CodeIgniter\CodeIgniter->runController(Object(App\Controllers\Blog))
18 SYSTEMPATH\CodeIgniter.php(368): CodeIgniter\CodeIgniter->handleRequest(null, Object(Config\Cache), false)
19 FCPATH\index.php(67): CodeIgniter\CodeIgniter->run()
CRITICAL - 2023-05-31 10:28:33 --> Arguments must be separated by a comma. Unexpected token "name" of value "blog" ("punctuation" expected with value ",").
in APPPATH\Views\frontend\blog.twig on line 22.
 1 VENDORPATH\twig\twig\src\ExpressionParser.php(594): Twig\TokenStream->expect(9, ',', 'Arguments must be separated by a comma')
 2 VENDORPATH\twig\twig\src\ExpressionParser.php(458): Twig\ExpressionParser->parseArguments(true)
 3 VENDORPATH\twig\twig\src\ExpressionParser.php(237): Twig\ExpressionParser->getFunctionNode('base_url', 22)
 4 VENDORPATH\twig\twig\src\ExpressionParser.php(177): Twig\ExpressionParser->parsePrimaryExpression()
 5 VENDORPATH\twig\twig\src\ExpressionParser.php(72): Twig\ExpressionParser->getPrimary()
 6 VENDORPATH\twig\twig\src\Parser.php(127): Twig\ExpressionParser->parseExpression()
 7 VENDORPATH\twig\twig\src\TokenParser\ForTokenParser.php(42): Twig\Parser->subparse([...])
 8 VENDORPATH\twig\twig\src\Parser.php(170): Twig\TokenParser\ForTokenParser->parse(Object(Twig\Token))
 9 VENDORPATH\twig\twig\src\Parser.php(83): Twig\Parser->subparse(null, false)
10 VENDORPATH\twig\twig\src\Environment.php(491): Twig\Parser->parse(Object(Twig\TokenStream))
11 VENDORPATH\twig\twig\src\Environment.php(519): Twig\Environment->parse(Object(Twig\TokenStream))
12 VENDORPATH\twig\twig\src\Environment.php(351): Twig\Environment->compileSource(Object(Twig\Source))
13 VENDORPATH\twig\twig\src\Environment.php(312): Twig\Environment->loadTemplate('__TwigTemplate_4ba8989efb67b91f80982e2a5114ee08', 'frontend/blog.twig')
14 APPPATH\Libraries\Twig\Twig.php(104): Twig\Environment->load('frontend/blog.twig')
15 APPPATH\Controllers\Blog.php(50): App\Libraries\Twig\Twig->render('frontend/blog', [...])
16 SYSTEMPATH\CodeIgniter.php(934): App\Controllers\Blog->index()
17 SYSTEMPATH\CodeIgniter.php(499): CodeIgniter\CodeIgniter->runController(Object(App\Controllers\Blog))
18 SYSTEMPATH\CodeIgniter.php(368): CodeIgniter\CodeIgniter->handleRequest(null, Object(Config\Cache), false)
19 FCPATH\index.php(67): CodeIgniter\CodeIgniter->run()
CRITICAL - 2023-05-31 10:28:33 --> Arguments must be separated by a comma. Unexpected token "name" of value "blog" ("punctuation" expected with value ",").
in APPPATH\Views\frontend\blog.twig on line 22.
 1 VENDORPATH\twig\twig\src\ExpressionParser.php(594): Twig\TokenStream->expect(9, ',', 'Arguments must be separated by a comma')
 2 VENDORPATH\twig\twig\src\ExpressionParser.php(458): Twig\ExpressionParser->parseArguments(true)
 3 VENDORPATH\twig\twig\src\ExpressionParser.php(237): Twig\ExpressionParser->getFunctionNode('base_url', 22)
 4 VENDORPATH\twig\twig\src\ExpressionParser.php(177): Twig\ExpressionParser->parsePrimaryExpression()
 5 VENDORPATH\twig\twig\src\ExpressionParser.php(72): Twig\ExpressionParser->getPrimary()
 6 VENDORPATH\twig\twig\src\Parser.php(127): Twig\ExpressionParser->parseExpression()
 7 VENDORPATH\twig\twig\src\TokenParser\ForTokenParser.php(42): Twig\Parser->subparse([...])
 8 VENDORPATH\twig\twig\src\Parser.php(170): Twig\TokenParser\ForTokenParser->parse(Object(Twig\Token))
 9 VENDORPATH\twig\twig\src\Parser.php(83): Twig\Parser->subparse(null, false)
10 VENDORPATH\twig\twig\src\Environment.php(491): Twig\Parser->parse(Object(Twig\TokenStream))
11 VENDORPATH\twig\twig\src\Environment.php(519): Twig\Environment->parse(Object(Twig\TokenStream))
12 VENDORPATH\twig\twig\src\Environment.php(351): Twig\Environment->compileSource(Object(Twig\Source))
13 VENDORPATH\twig\twig\src\Environment.php(312): Twig\Environment->loadTemplate('__TwigTemplate_4ba8989efb67b91f80982e2a5114ee08', 'frontend/blog.twig')
14 APPPATH\Libraries\Twig\Twig.php(104): Twig\Environment->load('frontend/blog.twig')
15 APPPATH\Controllers\Blog.php(50): App\Libraries\Twig\Twig->render('frontend/blog', [...])
16 SYSTEMPATH\CodeIgniter.php(934): App\Controllers\Blog->index()
17 SYSTEMPATH\CodeIgniter.php(499): CodeIgniter\CodeIgniter->runController(Object(App\Controllers\Blog))
18 SYSTEMPATH\CodeIgniter.php(368): CodeIgniter\CodeIgniter->handleRequest(null, Object(Config\Cache), false)
19 FCPATH\index.php(67): CodeIgniter\CodeIgniter->run()
CRITICAL - 2023-05-31 10:28:34 --> Arguments must be separated by a comma. Unexpected token "name" of value "blog" ("punctuation" expected with value ",").
in APPPATH\Views\frontend\blog.twig on line 22.
 1 VENDORPATH\twig\twig\src\ExpressionParser.php(594): Twig\TokenStream->expect(9, ',', 'Arguments must be separated by a comma')
 2 VENDORPATH\twig\twig\src\ExpressionParser.php(458): Twig\ExpressionParser->parseArguments(true)
 3 VENDORPATH\twig\twig\src\ExpressionParser.php(237): Twig\ExpressionParser->getFunctionNode('base_url', 22)
 4 VENDORPATH\twig\twig\src\ExpressionParser.php(177): Twig\ExpressionParser->parsePrimaryExpression()
 5 VENDORPATH\twig\twig\src\ExpressionParser.php(72): Twig\ExpressionParser->getPrimary()
 6 VENDORPATH\twig\twig\src\Parser.php(127): Twig\ExpressionParser->parseExpression()
 7 VENDORPATH\twig\twig\src\TokenParser\ForTokenParser.php(42): Twig\Parser->subparse([...])
 8 VENDORPATH\twig\twig\src\Parser.php(170): Twig\TokenParser\ForTokenParser->parse(Object(Twig\Token))
 9 VENDORPATH\twig\twig\src\Parser.php(83): Twig\Parser->subparse(null, false)
10 VENDORPATH\twig\twig\src\Environment.php(491): Twig\Parser->parse(Object(Twig\TokenStream))
11 VENDORPATH\twig\twig\src\Environment.php(519): Twig\Environment->parse(Object(Twig\TokenStream))
12 VENDORPATH\twig\twig\src\Environment.php(351): Twig\Environment->compileSource(Object(Twig\Source))
13 VENDORPATH\twig\twig\src\Environment.php(312): Twig\Environment->loadTemplate('__TwigTemplate_4ba8989efb67b91f80982e2a5114ee08', 'frontend/blog.twig')
14 APPPATH\Libraries\Twig\Twig.php(104): Twig\Environment->load('frontend/blog.twig')
15 APPPATH\Controllers\Blog.php(50): App\Libraries\Twig\Twig->render('frontend/blog', [...])
16 SYSTEMPATH\CodeIgniter.php(934): App\Controllers\Blog->index()
17 SYSTEMPATH\CodeIgniter.php(499): CodeIgniter\CodeIgniter->runController(Object(App\Controllers\Blog))
18 SYSTEMPATH\CodeIgniter.php(368): CodeIgniter\CodeIgniter->handleRequest(null, Object(Config\Cache), false)
19 FCPATH\index.php(67): CodeIgniter\CodeIgniter->run()
CRITICAL - 2023-05-31 10:29:03 --> Arguments must be separated by a comma. Unexpected token "name" of value "blog" ("punctuation" expected with value ",").
in APPPATH\Views\frontend\blog.twig on line 22.
 1 VENDORPATH\twig\twig\src\ExpressionParser.php(594): Twig\TokenStream->expect(9, ',', 'Arguments must be separated by a comma')
 2 VENDORPATH\twig\twig\src\ExpressionParser.php(458): Twig\ExpressionParser->parseArguments(true)
 3 VENDORPATH\twig\twig\src\ExpressionParser.php(237): Twig\ExpressionParser->getFunctionNode('base_url', 22)
 4 VENDORPATH\twig\twig\src\ExpressionParser.php(177): Twig\ExpressionParser->parsePrimaryExpression()
 5 VENDORPATH\twig\twig\src\ExpressionParser.php(72): Twig\ExpressionParser->getPrimary()
 6 VENDORPATH\twig\twig\src\Parser.php(127): Twig\ExpressionParser->parseExpression()
 7 VENDORPATH\twig\twig\src\TokenParser\ForTokenParser.php(42): Twig\Parser->subparse([...])
 8 VENDORPATH\twig\twig\src\Parser.php(170): Twig\TokenParser\ForTokenParser->parse(Object(Twig\Token))
 9 VENDORPATH\twig\twig\src\Parser.php(83): Twig\Parser->subparse(null, false)
10 VENDORPATH\twig\twig\src\Environment.php(491): Twig\Parser->parse(Object(Twig\TokenStream))
11 VENDORPATH\twig\twig\src\Environment.php(519): Twig\Environment->parse(Object(Twig\TokenStream))
12 VENDORPATH\twig\twig\src\Environment.php(351): Twig\Environment->compileSource(Object(Twig\Source))
13 VENDORPATH\twig\twig\src\Environment.php(312): Twig\Environment->loadTemplate('__TwigTemplate_4ba8989efb67b91f80982e2a5114ee08', 'frontend/blog.twig')
14 APPPATH\Libraries\Twig\Twig.php(104): Twig\Environment->load('frontend/blog.twig')
15 APPPATH\Controllers\Blog.php(50): App\Libraries\Twig\Twig->render('frontend/blog', [...])
16 SYSTEMPATH\CodeIgniter.php(934): App\Controllers\Blog->index()
17 SYSTEMPATH\CodeIgniter.php(499): CodeIgniter\CodeIgniter->runController(Object(App\Controllers\Blog))
18 SYSTEMPATH\CodeIgniter.php(368): CodeIgniter\CodeIgniter->handleRequest(null, Object(Config\Cache), false)
19 FCPATH\index.php(67): CodeIgniter\CodeIgniter->run()
CRITICAL - 2023-05-31 10:29:04 --> Arguments must be separated by a comma. Unexpected token "name" of value "blog" ("punctuation" expected with value ",").
in APPPATH\Views\frontend\blog.twig on line 22.
 1 VENDORPATH\twig\twig\src\ExpressionParser.php(594): Twig\TokenStream->expect(9, ',', 'Arguments must be separated by a comma')
 2 VENDORPATH\twig\twig\src\ExpressionParser.php(458): Twig\ExpressionParser->parseArguments(true)
 3 VENDORPATH\twig\twig\src\ExpressionParser.php(237): Twig\ExpressionParser->getFunctionNode('base_url', 22)
 4 VENDORPATH\twig\twig\src\ExpressionParser.php(177): Twig\ExpressionParser->parsePrimaryExpression()
 5 VENDORPATH\twig\twig\src\ExpressionParser.php(72): Twig\ExpressionParser->getPrimary()
 6 VENDORPATH\twig\twig\src\Parser.php(127): Twig\ExpressionParser->parseExpression()
 7 VENDORPATH\twig\twig\src\TokenParser\ForTokenParser.php(42): Twig\Parser->subparse([...])
 8 VENDORPATH\twig\twig\src\Parser.php(170): Twig\TokenParser\ForTokenParser->parse(Object(Twig\Token))
 9 VENDORPATH\twig\twig\src\Parser.php(83): Twig\Parser->subparse(null, false)
10 VENDORPATH\twig\twig\src\Environment.php(491): Twig\Parser->parse(Object(Twig\TokenStream))
11 VENDORPATH\twig\twig\src\Environment.php(519): Twig\Environment->parse(Object(Twig\TokenStream))
12 VENDORPATH\twig\twig\src\Environment.php(351): Twig\Environment->compileSource(Object(Twig\Source))
13 VENDORPATH\twig\twig\src\Environment.php(312): Twig\Environment->loadTemplate('__TwigTemplate_4ba8989efb67b91f80982e2a5114ee08', 'frontend/blog.twig')
14 APPPATH\Libraries\Twig\Twig.php(104): Twig\Environment->load('frontend/blog.twig')
15 APPPATH\Controllers\Blog.php(50): App\Libraries\Twig\Twig->render('frontend/blog', [...])
16 SYSTEMPATH\CodeIgniter.php(934): App\Controllers\Blog->index()
17 SYSTEMPATH\CodeIgniter.php(499): CodeIgniter\CodeIgniter->runController(Object(App\Controllers\Blog))
18 SYSTEMPATH\CodeIgniter.php(368): CodeIgniter\CodeIgniter->handleRequest(null, Object(Config\Cache), false)
19 FCPATH\index.php(67): CodeIgniter\CodeIgniter->run()
CRITICAL - 2023-05-31 10:29:05 --> Arguments must be separated by a comma. Unexpected token "name" of value "blog" ("punctuation" expected with value ",").
in APPPATH\Views\frontend\blog.twig on line 22.
 1 VENDORPATH\twig\twig\src\ExpressionParser.php(594): Twig\TokenStream->expect(9, ',', 'Arguments must be separated by a comma')
 2 VENDORPATH\twig\twig\src\ExpressionParser.php(458): Twig\ExpressionParser->parseArguments(true)
 3 VENDORPATH\twig\twig\src\ExpressionParser.php(237): Twig\ExpressionParser->getFunctionNode('base_url', 22)
 4 VENDORPATH\twig\twig\src\ExpressionParser.php(177): Twig\ExpressionParser->parsePrimaryExpression()
 5 VENDORPATH\twig\twig\src\ExpressionParser.php(72): Twig\ExpressionParser->getPrimary()
 6 VENDORPATH\twig\twig\src\Parser.php(127): Twig\ExpressionParser->parseExpression()
 7 VENDORPATH\twig\twig\src\TokenParser\ForTokenParser.php(42): Twig\Parser->subparse([...])
 8 VENDORPATH\twig\twig\src\Parser.php(170): Twig\TokenParser\ForTokenParser->parse(Object(Twig\Token))
 9 VENDORPATH\twig\twig\src\Parser.php(83): Twig\Parser->subparse(null, false)
10 VENDORPATH\twig\twig\src\Environment.php(491): Twig\Parser->parse(Object(Twig\TokenStream))
11 VENDORPATH\twig\twig\src\Environment.php(519): Twig\Environment->parse(Object(Twig\TokenStream))
12 VENDORPATH\twig\twig\src\Environment.php(351): Twig\Environment->compileSource(Object(Twig\Source))
13 VENDORPATH\twig\twig\src\Environment.php(312): Twig\Environment->loadTemplate('__TwigTemplate_4ba8989efb67b91f80982e2a5114ee08', 'frontend/blog.twig')
14 APPPATH\Libraries\Twig\Twig.php(104): Twig\Environment->load('frontend/blog.twig')
15 APPPATH\Controllers\Blog.php(50): App\Libraries\Twig\Twig->render('frontend/blog', [...])
16 SYSTEMPATH\CodeIgniter.php(934): App\Controllers\Blog->index()
17 SYSTEMPATH\CodeIgniter.php(499): CodeIgniter\CodeIgniter->runController(Object(App\Controllers\Blog))
18 SYSTEMPATH\CodeIgniter.php(368): CodeIgniter\CodeIgniter->handleRequest(null, Object(Config\Cache), false)
19 FCPATH\index.php(67): CodeIgniter\CodeIgniter->run()
CRITICAL - 2023-05-31 10:29:06 --> Arguments must be separated by a comma. Unexpected token "name" of value "blog" ("punctuation" expected with value ",").
in APPPATH\Views\frontend\blog.twig on line 22.
 1 VENDORPATH\twig\twig\src\ExpressionParser.php(594): Twig\TokenStream->expect(9, ',', 'Arguments must be separated by a comma')
 2 VENDORPATH\twig\twig\src\ExpressionParser.php(458): Twig\ExpressionParser->parseArguments(true)
 3 VENDORPATH\twig\twig\src\ExpressionParser.php(237): Twig\ExpressionParser->getFunctionNode('base_url', 22)
 4 VENDORPATH\twig\twig\src\ExpressionParser.php(177): Twig\ExpressionParser->parsePrimaryExpression()
 5 VENDORPATH\twig\twig\src\ExpressionParser.php(72): Twig\ExpressionParser->getPrimary()
 6 VENDORPATH\twig\twig\src\Parser.php(127): Twig\ExpressionParser->parseExpression()
 7 VENDORPATH\twig\twig\src\TokenParser\ForTokenParser.php(42): Twig\Parser->subparse([...])
 8 VENDORPATH\twig\twig\src\Parser.php(170): Twig\TokenParser\ForTokenParser->parse(Object(Twig\Token))
 9 VENDORPATH\twig\twig\src\Parser.php(83): Twig\Parser->subparse(null, false)
10 VENDORPATH\twig\twig\src\Environment.php(491): Twig\Parser->parse(Object(Twig\TokenStream))
11 VENDORPATH\twig\twig\src\Environment.php(519): Twig\Environment->parse(Object(Twig\TokenStream))
12 VENDORPATH\twig\twig\src\Environment.php(351): Twig\Environment->compileSource(Object(Twig\Source))
13 VENDORPATH\twig\twig\src\Environment.php(312): Twig\Environment->loadTemplate('__TwigTemplate_4ba8989efb67b91f80982e2a5114ee08', 'frontend/blog.twig')
14 APPPATH\Libraries\Twig\Twig.php(104): Twig\Environment->load('frontend/blog.twig')
15 APPPATH\Controllers\Blog.php(50): App\Libraries\Twig\Twig->render('frontend/blog', [...])
16 SYSTEMPATH\CodeIgniter.php(934): App\Controllers\Blog->index()
17 SYSTEMPATH\CodeIgniter.php(499): CodeIgniter\CodeIgniter->runController(Object(App\Controllers\Blog))
18 SYSTEMPATH\CodeIgniter.php(368): CodeIgniter\CodeIgniter->handleRequest(null, Object(Config\Cache), false)
19 FCPATH\index.php(67): CodeIgniter\CodeIgniter->run()
CRITICAL - 2023-05-31 10:29:20 --> Arguments must be separated by a comma. Unexpected token "name" of value "blog" ("punctuation" expected with value ",").
in APPPATH\Views\frontend\blog.twig on line 22.
 1 VENDORPATH\twig\twig\src\ExpressionParser.php(594): Twig\TokenStream->expect(9, ',', 'Arguments must be separated by a comma')
 2 VENDORPATH\twig\twig\src\ExpressionParser.php(458): Twig\ExpressionParser->parseArguments(true)
 3 VENDORPATH\twig\twig\src\ExpressionParser.php(237): Twig\ExpressionParser->getFunctionNode('base_url', 22)
 4 VENDORPATH\twig\twig\src\ExpressionParser.php(177): Twig\ExpressionParser->parsePrimaryExpression()
 5 VENDORPATH\twig\twig\src\ExpressionParser.php(72): Twig\ExpressionParser->getPrimary()
 6 VENDORPATH\twig\twig\src\Parser.php(127): Twig\ExpressionParser->parseExpression()
 7 VENDORPATH\twig\twig\src\TokenParser\ForTokenParser.php(42): Twig\Parser->subparse([...])
 8 VENDORPATH\twig\twig\src\Parser.php(170): Twig\TokenParser\ForTokenParser->parse(Object(Twig\Token))
 9 VENDORPATH\twig\twig\src\Parser.php(83): Twig\Parser->subparse(null, false)
10 VENDORPATH\twig\twig\src\Environment.php(491): Twig\Parser->parse(Object(Twig\TokenStream))
11 VENDORPATH\twig\twig\src\Environment.php(519): Twig\Environment->parse(Object(Twig\TokenStream))
12 VENDORPATH\twig\twig\src\Environment.php(351): Twig\Environment->compileSource(Object(Twig\Source))
13 VENDORPATH\twig\twig\src\Environment.php(312): Twig\Environment->loadTemplate('__TwigTemplate_4ba8989efb67b91f80982e2a5114ee08', 'frontend/blog.twig')
14 APPPATH\Libraries\Twig\Twig.php(104): Twig\Environment->load('frontend/blog.twig')
15 APPPATH\Controllers\Blog.php(50): App\Libraries\Twig\Twig->render('frontend/blog', [...])
16 SYSTEMPATH\CodeIgniter.php(934): App\Controllers\Blog->index()
17 SYSTEMPATH\CodeIgniter.php(499): CodeIgniter\CodeIgniter->runController(Object(App\Controllers\Blog))
18 SYSTEMPATH\CodeIgniter.php(368): CodeIgniter\CodeIgniter->handleRequest(null, Object(Config\Cache), false)
19 FCPATH\index.php(67): CodeIgniter\CodeIgniter->run()
CRITICAL - 2023-05-31 10:29:21 --> Arguments must be separated by a comma. Unexpected token "name" of value "blog" ("punctuation" expected with value ",").
in APPPATH\Views\frontend\blog.twig on line 22.
 1 VENDORPATH\twig\twig\src\ExpressionParser.php(594): Twig\TokenStream->expect(9, ',', 'Arguments must be separated by a comma')
 2 VENDORPATH\twig\twig\src\ExpressionParser.php(458): Twig\ExpressionParser->parseArguments(true)
 3 VENDORPATH\twig\twig\src\ExpressionParser.php(237): Twig\ExpressionParser->getFunctionNode('base_url', 22)
 4 VENDORPATH\twig\twig\src\ExpressionParser.php(177): Twig\ExpressionParser->parsePrimaryExpression()
 5 VENDORPATH\twig\twig\src\ExpressionParser.php(72): Twig\ExpressionParser->getPrimary()
 6 VENDORPATH\twig\twig\src\Parser.php(127): Twig\ExpressionParser->parseExpression()
 7 VENDORPATH\twig\twig\src\TokenParser\ForTokenParser.php(42): Twig\Parser->subparse([...])
 8 VENDORPATH\twig\twig\src\Parser.php(170): Twig\TokenParser\ForTokenParser->parse(Object(Twig\Token))
 9 VENDORPATH\twig\twig\src\Parser.php(83): Twig\Parser->subparse(null, false)
10 VENDORPATH\twig\twig\src\Environment.php(491): Twig\Parser->parse(Object(Twig\TokenStream))
11 VENDORPATH\twig\twig\src\Environment.php(519): Twig\Environment->parse(Object(Twig\TokenStream))
12 VENDORPATH\twig\twig\src\Environment.php(351): Twig\Environment->compileSource(Object(Twig\Source))
13 VENDORPATH\twig\twig\src\Environment.php(312): Twig\Environment->loadTemplate('__TwigTemplate_4ba8989efb67b91f80982e2a5114ee08', 'frontend/blog.twig')
14 APPPATH\Libraries\Twig\Twig.php(104): Twig\Environment->load('frontend/blog.twig')
15 APPPATH\Controllers\Blog.php(50): App\Libraries\Twig\Twig->render('frontend/blog', [...])
16 SYSTEMPATH\CodeIgniter.php(934): App\Controllers\Blog->index()
17 SYSTEMPATH\CodeIgniter.php(499): CodeIgniter\CodeIgniter->runController(Object(App\Controllers\Blog))
18 SYSTEMPATH\CodeIgniter.php(368): CodeIgniter\CodeIgniter->handleRequest(null, Object(Config\Cache), false)
19 FCPATH\index.php(67): CodeIgniter\CodeIgniter->run()
CRITICAL - 2023-05-31 10:29:22 --> Arguments must be separated by a comma. Unexpected token "name" of value "blog" ("punctuation" expected with value ",").
in APPPATH\Views\frontend\blog.twig on line 22.
 1 VENDORPATH\twig\twig\src\ExpressionParser.php(594): Twig\TokenStream->expect(9, ',', 'Arguments must be separated by a comma')
 2 VENDORPATH\twig\twig\src\ExpressionParser.php(458): Twig\ExpressionParser->parseArguments(true)
 3 VENDORPATH\twig\twig\src\ExpressionParser.php(237): Twig\ExpressionParser->getFunctionNode('base_url', 22)
 4 VENDORPATH\twig\twig\src\ExpressionParser.php(177): Twig\ExpressionParser->parsePrimaryExpression()
 5 VENDORPATH\twig\twig\src\ExpressionParser.php(72): Twig\ExpressionParser->getPrimary()
 6 VENDORPATH\twig\twig\src\Parser.php(127): Twig\ExpressionParser->parseExpression()
 7 VENDORPATH\twig\twig\src\TokenParser\ForTokenParser.php(42): Twig\Parser->subparse([...])
 8 VENDORPATH\twig\twig\src\Parser.php(170): Twig\TokenParser\ForTokenParser->parse(Object(Twig\Token))
 9 VENDORPATH\twig\twig\src\Parser.php(83): Twig\Parser->subparse(null, false)
10 VENDORPATH\twig\twig\src\Environment.php(491): Twig\Parser->parse(Object(Twig\TokenStream))
11 VENDORPATH\twig\twig\src\Environment.php(519): Twig\Environment->parse(Object(Twig\TokenStream))
12 VENDORPATH\twig\twig\src\Environment.php(351): Twig\Environment->compileSource(Object(Twig\Source))
13 VENDORPATH\twig\twig\src\Environment.php(312): Twig\Environment->loadTemplate('__TwigTemplate_4ba8989efb67b91f80982e2a5114ee08', 'frontend/blog.twig')
14 APPPATH\Libraries\Twig\Twig.php(104): Twig\Environment->load('frontend/blog.twig')
15 APPPATH\Controllers\Blog.php(50): App\Libraries\Twig\Twig->render('frontend/blog', [...])
16 SYSTEMPATH\CodeIgniter.php(934): App\Controllers\Blog->index()
17 SYSTEMPATH\CodeIgniter.php(499): CodeIgniter\CodeIgniter->runController(Object(App\Controllers\Blog))
18 SYSTEMPATH\CodeIgniter.php(368): CodeIgniter\CodeIgniter->handleRequest(null, Object(Config\Cache), false)
19 FCPATH\index.php(67): CodeIgniter\CodeIgniter->run()
CRITICAL - 2023-05-31 10:30:07 --> Unexpected "base_url" tag (expecting closing tag for the "for" tag defined near line 20).
in APPPATH\Views\frontend\blog.twig on line 22.
 1 VENDORPATH\twig\twig\src\TokenParser\ForTokenParser.php(42): Twig\Parser->subparse([...])
 2 VENDORPATH\twig\twig\src\Parser.php(170): Twig\TokenParser\ForTokenParser->parse(Object(Twig\Token))
 3 VENDORPATH\twig\twig\src\Parser.php(83): Twig\Parser->subparse(null, false)
 4 VENDORPATH\twig\twig\src\Environment.php(491): Twig\Parser->parse(Object(Twig\TokenStream))
 5 VENDORPATH\twig\twig\src\Environment.php(519): Twig\Environment->parse(Object(Twig\TokenStream))
 6 VENDORPATH\twig\twig\src\Environment.php(351): Twig\Environment->compileSource(Object(Twig\Source))
 7 VENDORPATH\twig\twig\src\Environment.php(312): Twig\Environment->loadTemplate('__TwigTemplate_4ba8989efb67b91f80982e2a5114ee08', 'frontend/blog.twig')
 8 APPPATH\Libraries\Twig\Twig.php(104): Twig\Environment->load('frontend/blog.twig')
 9 APPPATH\Controllers\Blog.php(50): App\Libraries\Twig\Twig->render('frontend/blog', [...])
10 SYSTEMPATH\CodeIgniter.php(934): App\Controllers\Blog->index()
11 SYSTEMPATH\CodeIgniter.php(499): CodeIgniter\CodeIgniter->runController(Object(App\Controllers\Blog))
12 SYSTEMPATH\CodeIgniter.php(368): CodeIgniter\CodeIgniter->handleRequest(null, Object(Config\Cache), false)
13 FCPATH\index.php(67): CodeIgniter\CodeIgniter->run()
CRITICAL - 2023-05-31 10:30:08 --> Unexpected "base_url" tag (expecting closing tag for the "for" tag defined near line 20).
in APPPATH\Views\frontend\blog.twig on line 22.
 1 VENDORPATH\twig\twig\src\TokenParser\ForTokenParser.php(42): Twig\Parser->subparse([...])
 2 VENDORPATH\twig\twig\src\Parser.php(170): Twig\TokenParser\ForTokenParser->parse(Object(Twig\Token))
 3 VENDORPATH\twig\twig\src\Parser.php(83): Twig\Parser->subparse(null, false)
 4 VENDORPATH\twig\twig\src\Environment.php(491): Twig\Parser->parse(Object(Twig\TokenStream))
 5 VENDORPATH\twig\twig\src\Environment.php(519): Twig\Environment->parse(Object(Twig\TokenStream))
 6 VENDORPATH\twig\twig\src\Environment.php(351): Twig\Environment->compileSource(Object(Twig\Source))
 7 VENDORPATH\twig\twig\src\Environment.php(312): Twig\Environment->loadTemplate('__TwigTemplate_4ba8989efb67b91f80982e2a5114ee08', 'frontend/blog.twig')
 8 APPPATH\Libraries\Twig\Twig.php(104): Twig\Environment->load('frontend/blog.twig')
 9 APPPATH\Controllers\Blog.php(50): App\Libraries\Twig\Twig->render('frontend/blog', [...])
10 SYSTEMPATH\CodeIgniter.php(934): App\Controllers\Blog->index()
11 SYSTEMPATH\CodeIgniter.php(499): CodeIgniter\CodeIgniter->runController(Object(App\Controllers\Blog))
12 SYSTEMPATH\CodeIgniter.php(368): CodeIgniter\CodeIgniter->handleRequest(null, Object(Config\Cache), false)
13 FCPATH\index.php(67): CodeIgniter\CodeIgniter->run()
CRITICAL - 2023-05-31 10:30:09 --> Unexpected "base_url" tag (expecting closing tag for the "for" tag defined near line 20).
in APPPATH\Views\frontend\blog.twig on line 22.
 1 VENDORPATH\twig\twig\src\TokenParser\ForTokenParser.php(42): Twig\Parser->subparse([...])
 2 VENDORPATH\twig\twig\src\Parser.php(170): Twig\TokenParser\ForTokenParser->parse(Object(Twig\Token))
 3 VENDORPATH\twig\twig\src\Parser.php(83): Twig\Parser->subparse(null, false)
 4 VENDORPATH\twig\twig\src\Environment.php(491): Twig\Parser->parse(Object(Twig\TokenStream))
 5 VENDORPATH\twig\twig\src\Environment.php(519): Twig\Environment->parse(Object(Twig\TokenStream))
 6 VENDORPATH\twig\twig\src\Environment.php(351): Twig\Environment->compileSource(Object(Twig\Source))
 7 VENDORPATH\twig\twig\src\Environment.php(312): Twig\Environment->loadTemplate('__TwigTemplate_4ba8989efb67b91f80982e2a5114ee08', 'frontend/blog.twig')
 8 APPPATH\Libraries\Twig\Twig.php(104): Twig\Environment->load('frontend/blog.twig')
 9 APPPATH\Controllers\Blog.php(50): App\Libraries\Twig\Twig->render('frontend/blog', [...])
10 SYSTEMPATH\CodeIgniter.php(934): App\Controllers\Blog->index()
11 SYSTEMPATH\CodeIgniter.php(499): CodeIgniter\CodeIgniter->runController(Object(App\Controllers\Blog))
12 SYSTEMPATH\CodeIgniter.php(368): CodeIgniter\CodeIgniter->handleRequest(null, Object(Config\Cache), false)
13 FCPATH\index.php(67): CodeIgniter\CodeIgniter->run()
CRITICAL - 2023-05-31 10:30:55 --> Unexpected "base_url" tag (expecting closing tag for the "for" tag defined near line 20).
in APPPATH\Views\frontend\blog.twig on line 22.
 1 VENDORPATH\twig\twig\src\TokenParser\ForTokenParser.php(42): Twig\Parser->subparse([...])
 2 VENDORPATH\twig\twig\src\Parser.php(170): Twig\TokenParser\ForTokenParser->parse(Object(Twig\Token))
 3 VENDORPATH\twig\twig\src\Parser.php(83): Twig\Parser->subparse(null, false)
 4 VENDORPATH\twig\twig\src\Environment.php(491): Twig\Parser->parse(Object(Twig\TokenStream))
 5 VENDORPATH\twig\twig\src\Environment.php(519): Twig\Environment->parse(Object(Twig\TokenStream))
 6 VENDORPATH\twig\twig\src\Environment.php(351): Twig\Environment->compileSource(Object(Twig\Source))
 7 VENDORPATH\twig\twig\src\Environment.php(312): Twig\Environment->loadTemplate('__TwigTemplate_4ba8989efb67b91f80982e2a5114ee08', 'frontend/blog.twig')
 8 APPPATH\Libraries\Twig\Twig.php(104): Twig\Environment->load('frontend/blog.twig')
 9 APPPATH\Controllers\Blog.php(50): App\Libraries\Twig\Twig->render('frontend/blog', [...])
10 SYSTEMPATH\CodeIgniter.php(934): App\Controllers\Blog->index()
11 SYSTEMPATH\CodeIgniter.php(499): CodeIgniter\CodeIgniter->runController(Object(App\Controllers\Blog))
12 SYSTEMPATH\CodeIgniter.php(368): CodeIgniter\CodeIgniter->handleRequest(null, Object(Config\Cache), false)
13 FCPATH\index.php(67): CodeIgniter\CodeIgniter->run()
CRITICAL - 2023-05-31 10:30:57 --> Unexpected "base_url" tag (expecting closing tag for the "for" tag defined near line 20).
in APPPATH\Views\frontend\blog.twig on line 22.
 1 VENDORPATH\twig\twig\src\TokenParser\ForTokenParser.php(42): Twig\Parser->subparse([...])
 2 VENDORPATH\twig\twig\src\Parser.php(170): Twig\TokenParser\ForTokenParser->parse(Object(Twig\Token))
 3 VENDORPATH\twig\twig\src\Parser.php(83): Twig\Parser->subparse(null, false)
 4 VENDORPATH\twig\twig\src\Environment.php(491): Twig\Parser->parse(Object(Twig\TokenStream))
 5 VENDORPATH\twig\twig\src\Environment.php(519): Twig\Environment->parse(Object(Twig\TokenStream))
 6 VENDORPATH\twig\twig\src\Environment.php(351): Twig\Environment->compileSource(Object(Twig\Source))
 7 VENDORPATH\twig\twig\src\Environment.php(312): Twig\Environment->loadTemplate('__TwigTemplate_4ba8989efb67b91f80982e2a5114ee08', 'frontend/blog.twig')
 8 APPPATH\Libraries\Twig\Twig.php(104): Twig\Environment->load('frontend/blog.twig')
 9 APPPATH\Controllers\Blog.php(50): App\Libraries\Twig\Twig->render('frontend/blog', [...])
10 SYSTEMPATH\CodeIgniter.php(934): App\Controllers\Blog->index()
11 SYSTEMPATH\CodeIgniter.php(499): CodeIgniter\CodeIgniter->runController(Object(App\Controllers\Blog))
12 SYSTEMPATH\CodeIgniter.php(368): CodeIgniter\CodeIgniter->handleRequest(null, Object(Config\Cache), false)
13 FCPATH\index.php(67): CodeIgniter\CodeIgniter->run()
CRITICAL - 2023-05-31 10:30:57 --> Unexpected "base_url" tag (expecting closing tag for the "for" tag defined near line 20).
in APPPATH\Views\frontend\blog.twig on line 22.
 1 VENDORPATH\twig\twig\src\TokenParser\ForTokenParser.php(42): Twig\Parser->subparse([...])
 2 VENDORPATH\twig\twig\src\Parser.php(170): Twig\TokenParser\ForTokenParser->parse(Object(Twig\Token))
 3 VENDORPATH\twig\twig\src\Parser.php(83): Twig\Parser->subparse(null, false)
 4 VENDORPATH\twig\twig\src\Environment.php(491): Twig\Parser->parse(Object(Twig\TokenStream))
 5 VENDORPATH\twig\twig\src\Environment.php(519): Twig\Environment->parse(Object(Twig\TokenStream))
 6 VENDORPATH\twig\twig\src\Environment.php(351): Twig\Environment->compileSource(Object(Twig\Source))
 7 VENDORPATH\twig\twig\src\Environment.php(312): Twig\Environment->loadTemplate('__TwigTemplate_4ba8989efb67b91f80982e2a5114ee08', 'frontend/blog.twig')
 8 APPPATH\Libraries\Twig\Twig.php(104): Twig\Environment->load('frontend/blog.twig')
 9 APPPATH\Controllers\Blog.php(50): App\Libraries\Twig\Twig->render('frontend/blog', [...])
10 SYSTEMPATH\CodeIgniter.php(934): App\Controllers\Blog->index()
11 SYSTEMPATH\CodeIgniter.php(499): CodeIgniter\CodeIgniter->runController(Object(App\Controllers\Blog))
12 SYSTEMPATH\CodeIgniter.php(368): CodeIgniter\CodeIgniter->handleRequest(null, Object(Config\Cache), false)
13 FCPATH\index.php(67): CodeIgniter\CodeIgniter->run()
CRITICAL - 2023-05-31 10:32:07 --> Unsupported operand types: string + string
in VENDORPATH\twig\twig\src\Environment.php(361) : eval()'d code on line 73.
 1 VENDORPATH\twig\twig\src\Template.php(394): __TwigTemplate_4ba8989efb67b91f80982e2a5114ee08->doDisplay([...], [])
 2 VENDORPATH\twig\twig\src\Template.php(367): Twig\Template->displayWithErrorHandling([...], [])
 3 VENDORPATH\twig\twig\src\Template.php(379): Twig\Template->display([...])
 4 VENDORPATH\twig\twig\src\TemplateWrapper.php(40): Twig\Template->render([...], [])
 5 APPPATH\Libraries\Twig\Twig.php(108): Twig\TemplateWrapper->render([...])
 6 APPPATH\Controllers\Blog.php(50): App\Libraries\Twig\Twig->render('frontend/blog', [...])
 7 SYSTEMPATH\CodeIgniter.php(934): App\Controllers\Blog->index()
 8 SYSTEMPATH\CodeIgniter.php(499): CodeIgniter\CodeIgniter->runController(Object(App\Controllers\Blog))
 9 SYSTEMPATH\CodeIgniter.php(368): CodeIgniter\CodeIgniter->handleRequest(null, Object(Config\Cache), false)
10 FCPATH\index.php(67): CodeIgniter\CodeIgniter->run()
CRITICAL - 2023-05-31 10:32:16 --> CodeIgniter\HTTP\URI::removeDotSegments(): Argument #1 ($path) must be of type string, null given, called in C:\xampp\htdocs\codeigniter4\system\Helpers\url_helper.php on line 71
in SYSTEMPATH\HTTP\URI.php on line 197.
 1 SYSTEMPATH\Helpers\url_helper.php(71): CodeIgniter\HTTP\URI::removeDotSegments(null)
 2 SYSTEMPATH\Helpers\url_helper.php(118): _get_uri(null, Object(Config\App))
 3 SYSTEMPATH\Helpers\url_helper.php(158): site_url(null, null, Object(Config\App))
 4 VENDORPATH\twig\twig\src\Environment.php(361) : eval()'d code(73): base_url(null)
 5 VENDORPATH\twig\twig\src\Template.php(394): __TwigTemplate_4ba8989efb67b91f80982e2a5114ee08->doDisplay([...], [])
 6 VENDORPATH\twig\twig\src\Template.php(367): Twig\Template->displayWithErrorHandling([...], [])
 7 VENDORPATH\twig\twig\src\Template.php(379): Twig\Template->display([...])
 8 VENDORPATH\twig\twig\src\TemplateWrapper.php(40): Twig\Template->render([...], [])
 9 APPPATH\Libraries\Twig\Twig.php(108): Twig\TemplateWrapper->render([...])
10 APPPATH\Controllers\Blog.php(50): App\Libraries\Twig\Twig->render('frontend/blog', [...])
11 SYSTEMPATH\CodeIgniter.php(934): App\Controllers\Blog->index()
12 SYSTEMPATH\CodeIgniter.php(499): CodeIgniter\CodeIgniter->runController(Object(App\Controllers\Blog))
13 SYSTEMPATH\CodeIgniter.php(368): CodeIgniter\CodeIgniter->handleRequest(null, Object(Config\Cache), false)
14 FCPATH\index.php(67): CodeIgniter\CodeIgniter->run()
CRITICAL - 2023-05-31 10:32:22 --> Arguments must be separated by a comma. Unexpected token "name" of value "blog" ("punctuation" expected with value ",").
in APPPATH\Views\frontend\blog.twig on line 22.
 1 VENDORPATH\twig\twig\src\ExpressionParser.php(594): Twig\TokenStream->expect(9, ',', 'Arguments must be separated by a comma')
 2 VENDORPATH\twig\twig\src\ExpressionParser.php(458): Twig\ExpressionParser->parseArguments(true)
 3 VENDORPATH\twig\twig\src\ExpressionParser.php(237): Twig\ExpressionParser->getFunctionNode('base_url', 22)
 4 VENDORPATH\twig\twig\src\ExpressionParser.php(177): Twig\ExpressionParser->parsePrimaryExpression()
 5 VENDORPATH\twig\twig\src\ExpressionParser.php(72): Twig\ExpressionParser->getPrimary()
 6 VENDORPATH\twig\twig\src\Parser.php(127): Twig\ExpressionParser->parseExpression()
 7 VENDORPATH\twig\twig\src\TokenParser\ForTokenParser.php(42): Twig\Parser->subparse([...])
 8 VENDORPATH\twig\twig\src\Parser.php(170): Twig\TokenParser\ForTokenParser->parse(Object(Twig\Token))
 9 VENDORPATH\twig\twig\src\Parser.php(83): Twig\Parser->subparse(null, false)
10 VENDORPATH\twig\twig\src\Environment.php(491): Twig\Parser->parse(Object(Twig\TokenStream))
11 VENDORPATH\twig\twig\src\Environment.php(519): Twig\Environment->parse(Object(Twig\TokenStream))
12 VENDORPATH\twig\twig\src\Environment.php(351): Twig\Environment->compileSource(Object(Twig\Source))
13 VENDORPATH\twig\twig\src\Environment.php(312): Twig\Environment->loadTemplate('__TwigTemplate_4ba8989efb67b91f80982e2a5114ee08', 'frontend/blog.twig')
14 APPPATH\Libraries\Twig\Twig.php(104): Twig\Environment->load('frontend/blog.twig')
15 APPPATH\Controllers\Blog.php(50): App\Libraries\Twig\Twig->render('frontend/blog', [...])
16 SYSTEMPATH\CodeIgniter.php(934): App\Controllers\Blog->index()
17 SYSTEMPATH\CodeIgniter.php(499): CodeIgniter\CodeIgniter->runController(Object(App\Controllers\Blog))
18 SYSTEMPATH\CodeIgniter.php(368): CodeIgniter\CodeIgniter->handleRequest(null, Object(Config\Cache), false)
19 FCPATH\index.php(67): CodeIgniter\CodeIgniter->run()
CRITICAL - 2023-05-31 10:48:22 --> CodeIgniter\HTTP\URI::removeDotSegments(): Argument #1 ($path) must be of type string, null given, called in C:\xampp\htdocs\codeigniter4\system\Helpers\url_helper.php on line 71
in SYSTEMPATH\HTTP\URI.php on line 197.
 1 SYSTEMPATH\Helpers\url_helper.php(71): CodeIgniter\HTTP\URI::removeDotSegments(null)
 2 SYSTEMPATH\Helpers\url_helper.php(118): _get_uri(null, Object(Config\App))
 3 SYSTEMPATH\Helpers\url_helper.php(158): site_url(null, null, Object(Config\App))
 4 VENDORPATH\twig\twig\src\Environment.php(361) : eval()'d code(73): base_url(null)
 5 VENDORPATH\twig\twig\src\Template.php(394): __TwigTemplate_4ba8989efb67b91f80982e2a5114ee08->doDisplay([...], [])
 6 VENDORPATH\twig\twig\src\Template.php(367): Twig\Template->displayWithErrorHandling([...], [])
 7 VENDORPATH\twig\twig\src\Template.php(379): Twig\Template->display([...])
 8 VENDORPATH\twig\twig\src\TemplateWrapper.php(40): Twig\Template->render([...], [])
 9 APPPATH\Libraries\Twig\Twig.php(108): Twig\TemplateWrapper->render([...])
10 APPPATH\Controllers\Blog.php(50): App\Libraries\Twig\Twig->render('frontend/blog', [...])
11 SYSTEMPATH\CodeIgniter.php(934): App\Controllers\Blog->index()
12 SYSTEMPATH\CodeIgniter.php(499): CodeIgniter\CodeIgniter->runController(Object(App\Controllers\Blog))
13 SYSTEMPATH\CodeIgniter.php(368): CodeIgniter\CodeIgniter->handleRequest(null, Object(Config\Cache), false)
14 FCPATH\index.php(67): CodeIgniter\CodeIgniter->run()
CRITICAL - 2023-05-31 10:48:23 --> CodeIgniter\HTTP\URI::removeDotSegments(): Argument #1 ($path) must be of type string, null given, called in C:\xampp\htdocs\codeigniter4\system\Helpers\url_helper.php on line 71
in SYSTEMPATH\HTTP\URI.php on line 197.
 1 SYSTEMPATH\Helpers\url_helper.php(71): CodeIgniter\HTTP\URI::removeDotSegments(null)
 2 SYSTEMPATH\Helpers\url_helper.php(118): _get_uri(null, Object(Config\App))
 3 SYSTEMPATH\Helpers\url_helper.php(158): site_url(null, null, Object(Config\App))
 4 VENDORPATH\twig\twig\src\Environment.php(361) : eval()'d code(73): base_url(null)
 5 VENDORPATH\twig\twig\src\Template.php(394): __TwigTemplate_4ba8989efb67b91f80982e2a5114ee08->doDisplay([...], [])
 6 VENDORPATH\twig\twig\src\Template.php(367): Twig\Template->displayWithErrorHandling([...], [])
 7 VENDORPATH\twig\twig\src\Template.php(379): Twig\Template->display([...])
 8 VENDORPATH\twig\twig\src\TemplateWrapper.php(40): Twig\Template->render([...], [])
 9 APPPATH\Libraries\Twig\Twig.php(108): Twig\TemplateWrapper->render([...])
10 APPPATH\Controllers\Blog.php(50): App\Libraries\Twig\Twig->render('frontend/blog', [...])
11 SYSTEMPATH\CodeIgniter.php(934): App\Controllers\Blog->index()
12 SYSTEMPATH\CodeIgniter.php(499): CodeIgniter\CodeIgniter->runController(Object(App\Controllers\Blog))
13 SYSTEMPATH\CodeIgniter.php(368): CodeIgniter\CodeIgniter->handleRequest(null, Object(Config\Cache), false)
14 FCPATH\index.php(67): CodeIgniter\CodeIgniter->run()
CRITICAL - 2023-05-31 10:49:27 --> Unsupported operand types: string + string
in VENDORPATH\twig\twig\src\Environment.php(361) : eval()'d code on line 73.
 1 VENDORPATH\twig\twig\src\Template.php(394): __TwigTemplate_4ba8989efb67b91f80982e2a5114ee08->doDisplay([...], [])
 2 VENDORPATH\twig\twig\src\Template.php(367): Twig\Template->displayWithErrorHandling([...], [])
 3 VENDORPATH\twig\twig\src\Template.php(379): Twig\Template->display([...])
 4 VENDORPATH\twig\twig\src\TemplateWrapper.php(40): Twig\Template->render([...], [])
 5 APPPATH\Libraries\Twig\Twig.php(108): Twig\TemplateWrapper->render([...])
 6 APPPATH\Controllers\Blog.php(50): App\Libraries\Twig\Twig->render('frontend/blog', [...])
 7 SYSTEMPATH\CodeIgniter.php(934): App\Controllers\Blog->index()
 8 SYSTEMPATH\CodeIgniter.php(499): CodeIgniter\CodeIgniter->runController(Object(App\Controllers\Blog))
 9 SYSTEMPATH\CodeIgniter.php(368): CodeIgniter\CodeIgniter->handleRequest(null, Object(Config\Cache), false)
10 FCPATH\index.php(67): CodeIgniter\CodeIgniter->run()
CRITICAL - 2023-05-31 10:49:28 --> Unsupported operand types: string + string
in VENDORPATH\twig\twig\src\Environment.php(361) : eval()'d code on line 73.
 1 VENDORPATH\twig\twig\src\Template.php(394): __TwigTemplate_4ba8989efb67b91f80982e2a5114ee08->doDisplay([...], [])
 2 VENDORPATH\twig\twig\src\Template.php(367): Twig\Template->displayWithErrorHandling([...], [])
 3 VENDORPATH\twig\twig\src\Template.php(379): Twig\Template->display([...])
 4 VENDORPATH\twig\twig\src\TemplateWrapper.php(40): Twig\Template->render([...], [])
 5 APPPATH\Libraries\Twig\Twig.php(108): Twig\TemplateWrapper->render([...])
 6 APPPATH\Controllers\Blog.php(50): App\Libraries\Twig\Twig->render('frontend/blog', [...])
 7 SYSTEMPATH\CodeIgniter.php(934): App\Controllers\Blog->index()
 8 SYSTEMPATH\CodeIgniter.php(499): CodeIgniter\CodeIgniter->runController(Object(App\Controllers\Blog))
 9 SYSTEMPATH\CodeIgniter.php(368): CodeIgniter\CodeIgniter->handleRequest(null, Object(Config\Cache), false)
10 FCPATH\index.php(67): CodeIgniter\CodeIgniter->run()
CRITICAL - 2023-05-31 10:50:30 --> Unexpected token "punctuation" of value "," ("end of print statement" expected).
in APPPATH\Views\frontend\blog.twig on line 22.
 1 VENDORPATH\twig\twig\src\Parser.php(128): Twig\TokenStream->expect(4)
 2 VENDORPATH\twig\twig\src\TokenParser\ForTokenParser.php(42): Twig\Parser->subparse([...])
 3 VENDORPATH\twig\twig\src\Parser.php(170): Twig\TokenParser\ForTokenParser->parse(Object(Twig\Token))
 4 VENDORPATH\twig\twig\src\Parser.php(83): Twig\Parser->subparse(null, false)
 5 VENDORPATH\twig\twig\src\Environment.php(491): Twig\Parser->parse(Object(Twig\TokenStream))
 6 VENDORPATH\twig\twig\src\Environment.php(519): Twig\Environment->parse(Object(Twig\TokenStream))
 7 VENDORPATH\twig\twig\src\Environment.php(351): Twig\Environment->compileSource(Object(Twig\Source))
 8 VENDORPATH\twig\twig\src\Environment.php(312): Twig\Environment->loadTemplate('__TwigTemplate_4ba8989efb67b91f80982e2a5114ee08', 'frontend/blog.twig')
 9 APPPATH\Libraries\Twig\Twig.php(104): Twig\Environment->load('frontend/blog.twig')
10 APPPATH\Controllers\Blog.php(50): App\Libraries\Twig\Twig->render('frontend/blog', [...])
11 SYSTEMPATH\CodeIgniter.php(934): App\Controllers\Blog->index()
12 SYSTEMPATH\CodeIgniter.php(499): CodeIgniter\CodeIgniter->runController(Object(App\Controllers\Blog))
13 SYSTEMPATH\CodeIgniter.php(368): CodeIgniter\CodeIgniter->handleRequest(null, Object(Config\Cache), false)
14 FCPATH\index.php(67): CodeIgniter\CodeIgniter->run()
CRITICAL - 2023-05-31 10:50:32 --> Unexpected token "punctuation" of value "," ("end of print statement" expected).
in APPPATH\Views\frontend\blog.twig on line 22.
 1 VENDORPATH\twig\twig\src\Parser.php(128): Twig\TokenStream->expect(4)
 2 VENDORPATH\twig\twig\src\TokenParser\ForTokenParser.php(42): Twig\Parser->subparse([...])
 3 VENDORPATH\twig\twig\src\Parser.php(170): Twig\TokenParser\ForTokenParser->parse(Object(Twig\Token))
 4 VENDORPATH\twig\twig\src\Parser.php(83): Twig\Parser->subparse(null, false)
 5 VENDORPATH\twig\twig\src\Environment.php(491): Twig\Parser->parse(Object(Twig\TokenStream))
 6 VENDORPATH\twig\twig\src\Environment.php(519): Twig\Environment->parse(Object(Twig\TokenStream))
 7 VENDORPATH\twig\twig\src\Environment.php(351): Twig\Environment->compileSource(Object(Twig\Source))
 8 VENDORPATH\twig\twig\src\Environment.php(312): Twig\Environment->loadTemplate('__TwigTemplate_4ba8989efb67b91f80982e2a5114ee08', 'frontend/blog.twig')
 9 APPPATH\Libraries\Twig\Twig.php(104): Twig\Environment->load('frontend/blog.twig')
10 APPPATH\Controllers\Blog.php(50): App\Libraries\Twig\Twig->render('frontend/blog', [...])
11 SYSTEMPATH\CodeIgniter.php(934): App\Controllers\Blog->index()
12 SYSTEMPATH\CodeIgniter.php(499): CodeIgniter\CodeIgniter->runController(Object(App\Controllers\Blog))
13 SYSTEMPATH\CodeIgniter.php(368): CodeIgniter\CodeIgniter->handleRequest(null, Object(Config\Cache), false)
14 FCPATH\index.php(67): CodeIgniter\CodeIgniter->run()
CRITICAL - 2023-05-31 10:50:33 --> Unexpected token "punctuation" of value "," ("end of print statement" expected).
in APPPATH\Views\frontend\blog.twig on line 22.
 1 VENDORPATH\twig\twig\src\Parser.php(128): Twig\TokenStream->expect(4)
 2 VENDORPATH\twig\twig\src\TokenParser\ForTokenParser.php(42): Twig\Parser->subparse([...])
 3 VENDORPATH\twig\twig\src\Parser.php(170): Twig\TokenParser\ForTokenParser->parse(Object(Twig\Token))
 4 VENDORPATH\twig\twig\src\Parser.php(83): Twig\Parser->subparse(null, false)
 5 VENDORPATH\twig\twig\src\Environment.php(491): Twig\Parser->parse(Object(Twig\TokenStream))
 6 VENDORPATH\twig\twig\src\Environment.php(519): Twig\Environment->parse(Object(Twig\TokenStream))
 7 VENDORPATH\twig\twig\src\Environment.php(351): Twig\Environment->compileSource(Object(Twig\Source))
 8 VENDORPATH\twig\twig\src\Environment.php(312): Twig\Environment->loadTemplate('__TwigTemplate_4ba8989efb67b91f80982e2a5114ee08', 'frontend/blog.twig')
 9 APPPATH\Libraries\Twig\Twig.php(104): Twig\Environment->load('frontend/blog.twig')
10 APPPATH\Controllers\Blog.php(50): App\Libraries\Twig\Twig->render('frontend/blog', [...])
11 SYSTEMPATH\CodeIgniter.php(934): App\Controllers\Blog->index()
12 SYSTEMPATH\CodeIgniter.php(499): CodeIgniter\CodeIgniter->runController(Object(App\Controllers\Blog))
13 SYSTEMPATH\CodeIgniter.php(368): CodeIgniter\CodeIgniter->handleRequest(null, Object(Config\Cache), false)
14 FCPATH\index.php(67): CodeIgniter\CodeIgniter->run()
CRITICAL - 2023-05-31 10:51:20 --> Unexpected token "name" of value "blog" ("end of print statement" expected).
in APPPATH\Views\frontend\blog.twig on line 22.
 1 VENDORPATH\twig\twig\src\Parser.php(128): Twig\TokenStream->expect(4)
 2 VENDORPATH\twig\twig\src\TokenParser\ForTokenParser.php(42): Twig\Parser->subparse([...])
 3 VENDORPATH\twig\twig\src\Parser.php(170): Twig\TokenParser\ForTokenParser->parse(Object(Twig\Token))
 4 VENDORPATH\twig\twig\src\Parser.php(83): Twig\Parser->subparse(null, false)
 5 VENDORPATH\twig\twig\src\Environment.php(491): Twig\Parser->parse(Object(Twig\TokenStream))
 6 VENDORPATH\twig\twig\src\Environment.php(519): Twig\Environment->parse(Object(Twig\TokenStream))
 7 VENDORPATH\twig\twig\src\Environment.php(351): Twig\Environment->compileSource(Object(Twig\Source))
 8 VENDORPATH\twig\twig\src\Environment.php(312): Twig\Environment->loadTemplate('__TwigTemplate_4ba8989efb67b91f80982e2a5114ee08', 'frontend/blog.twig')
 9 APPPATH\Libraries\Twig\Twig.php(104): Twig\Environment->load('frontend/blog.twig')
10 APPPATH\Controllers\Blog.php(50): App\Libraries\Twig\Twig->render('frontend/blog', [...])
11 SYSTEMPATH\CodeIgniter.php(934): App\Controllers\Blog->index()
12 SYSTEMPATH\CodeIgniter.php(499): CodeIgniter\CodeIgniter->runController(Object(App\Controllers\Blog))
13 SYSTEMPATH\CodeIgniter.php(368): CodeIgniter\CodeIgniter->handleRequest(null, Object(Config\Cache), false)
14 FCPATH\index.php(67): CodeIgniter\CodeIgniter->run()
CRITICAL - 2023-05-31 10:51:33 --> Arguments must be separated by a comma. Unexpected token "name" of value "blog" ("punctuation" expected with value ",").
in APPPATH\Views\frontend\blog.twig on line 22.
 1 VENDORPATH\twig\twig\src\ExpressionParser.php(594): Twig\TokenStream->expect(9, ',', 'Arguments must be separated by a comma')
 2 VENDORPATH\twig\twig\src\ExpressionParser.php(458): Twig\ExpressionParser->parseArguments(true)
 3 VENDORPATH\twig\twig\src\ExpressionParser.php(237): Twig\ExpressionParser->getFunctionNode('base_url', 22)
 4 VENDORPATH\twig\twig\src\ExpressionParser.php(177): Twig\ExpressionParser->parsePrimaryExpression()
 5 VENDORPATH\twig\twig\src\ExpressionParser.php(72): Twig\ExpressionParser->getPrimary()
 6 VENDORPATH\twig\twig\src\Parser.php(127): Twig\ExpressionParser->parseExpression()
 7 VENDORPATH\twig\twig\src\TokenParser\ForTokenParser.php(42): Twig\Parser->subparse([...])
 8 VENDORPATH\twig\twig\src\Parser.php(170): Twig\TokenParser\ForTokenParser->parse(Object(Twig\Token))
 9 VENDORPATH\twig\twig\src\Parser.php(83): Twig\Parser->subparse(null, false)
10 VENDORPATH\twig\twig\src\Environment.php(491): Twig\Parser->parse(Object(Twig\TokenStream))
11 VENDORPATH\twig\twig\src\Environment.php(519): Twig\Environment->parse(Object(Twig\TokenStream))
12 VENDORPATH\twig\twig\src\Environment.php(351): Twig\Environment->compileSource(Object(Twig\Source))
13 VENDORPATH\twig\twig\src\Environment.php(312): Twig\Environment->loadTemplate('__TwigTemplate_4ba8989efb67b91f80982e2a5114ee08', 'frontend/blog.twig')
14 APPPATH\Libraries\Twig\Twig.php(104): Twig\Environment->load('frontend/blog.twig')
15 APPPATH\Controllers\Blog.php(50): App\Libraries\Twig\Twig->render('frontend/blog', [...])
16 SYSTEMPATH\CodeIgniter.php(934): App\Controllers\Blog->index()
17 SYSTEMPATH\CodeIgniter.php(499): CodeIgniter\CodeIgniter->runController(Object(App\Controllers\Blog))
18 SYSTEMPATH\CodeIgniter.php(368): CodeIgniter\CodeIgniter->handleRequest(null, Object(Config\Cache), false)
19 FCPATH\index.php(67): CodeIgniter\CodeIgniter->run()
CRITICAL - 2023-05-31 10:51:34 --> Arguments must be separated by a comma. Unexpected token "name" of value "blog" ("punctuation" expected with value ",").
in APPPATH\Views\frontend\blog.twig on line 22.
 1 VENDORPATH\twig\twig\src\ExpressionParser.php(594): Twig\TokenStream->expect(9, ',', 'Arguments must be separated by a comma')
 2 VENDORPATH\twig\twig\src\ExpressionParser.php(458): Twig\ExpressionParser->parseArguments(true)
 3 VENDORPATH\twig\twig\src\ExpressionParser.php(237): Twig\ExpressionParser->getFunctionNode('base_url', 22)
 4 VENDORPATH\twig\twig\src\ExpressionParser.php(177): Twig\ExpressionParser->parsePrimaryExpression()
 5 VENDORPATH\twig\twig\src\ExpressionParser.php(72): Twig\ExpressionParser->getPrimary()
 6 VENDORPATH\twig\twig\src\Parser.php(127): Twig\ExpressionParser->parseExpression()
 7 VENDORPATH\twig\twig\src\TokenParser\ForTokenParser.php(42): Twig\Parser->subparse([...])
 8 VENDORPATH\twig\twig\src\Parser.php(170): Twig\TokenParser\ForTokenParser->parse(Object(Twig\Token))
 9 VENDORPATH\twig\twig\src\Parser.php(83): Twig\Parser->subparse(null, false)
10 VENDORPATH\twig\twig\src\Environment.php(491): Twig\Parser->parse(Object(Twig\TokenStream))
11 VENDORPATH\twig\twig\src\Environment.php(519): Twig\Environment->parse(Object(Twig\TokenStream))
12 VENDORPATH\twig\twig\src\Environment.php(351): Twig\Environment->compileSource(Object(Twig\Source))
13 VENDORPATH\twig\twig\src\Environment.php(312): Twig\Environment->loadTemplate('__TwigTemplate_4ba8989efb67b91f80982e2a5114ee08', 'frontend/blog.twig')
14 APPPATH\Libraries\Twig\Twig.php(104): Twig\Environment->load('frontend/blog.twig')
15 APPPATH\Controllers\Blog.php(50): App\Libraries\Twig\Twig->render('frontend/blog', [...])
16 SYSTEMPATH\CodeIgniter.php(934): App\Controllers\Blog->index()
17 SYSTEMPATH\CodeIgniter.php(499): CodeIgniter\CodeIgniter->runController(Object(App\Controllers\Blog))
18 SYSTEMPATH\CodeIgniter.php(368): CodeIgniter\CodeIgniter->handleRequest(null, Object(Config\Cache), false)
19 FCPATH\index.php(67): CodeIgniter\CodeIgniter->run()
CRITICAL - 2023-05-31 10:52:30 --> Unexpected ")".
in APPPATH\Views\frontend\blog.twig on line 22.
 1 VENDORPATH\twig\twig\src\Lexer.php(303): Twig\Lexer->lexExpression()
 2 VENDORPATH\twig\twig\src\Lexer.php(197): Twig\Lexer->lexVar()
 3 VENDORPATH\twig\twig\src\Environment.php(472): Twig\Lexer->tokenize(Object(Twig\Source))
 4 VENDORPATH\twig\twig\src\Environment.php(519): Twig\Environment->tokenize(Object(Twig\Source))
 5 VENDORPATH\twig\twig\src\Environment.php(351): Twig\Environment->compileSource(Object(Twig\Source))
 6 VENDORPATH\twig\twig\src\Environment.php(312): Twig\Environment->loadTemplate('__TwigTemplate_4ba8989efb67b91f80982e2a5114ee08', 'frontend/blog.twig')
 7 APPPATH\Libraries\Twig\Twig.php(104): Twig\Environment->load('frontend/blog.twig')
 8 APPPATH\Controllers\Blog.php(50): App\Libraries\Twig\Twig->render('frontend/blog', [...])
 9 SYSTEMPATH\CodeIgniter.php(934): App\Controllers\Blog->index()
10 SYSTEMPATH\CodeIgniter.php(499): CodeIgniter\CodeIgniter->runController(Object(App\Controllers\Blog))
11 SYSTEMPATH\CodeIgniter.php(368): CodeIgniter\CodeIgniter->handleRequest(null, Object(Config\Cache), false)
12 FCPATH\index.php(67): CodeIgniter\CodeIgniter->run()
CRITICAL - 2023-05-31 12:17:21 --> A template that extends another one cannot include content outside Twig blocks. Did you forget to put the content inside a {% block %} tag?
in APPPATH\Views\frontend\blog.twig on line 2.
 1 VENDORPATH\twig\twig\src\Parser.php(341): Twig\Parser->filterBodyNodes(Object(Twig\Node\TextNode), false)
 2 VENDORPATH\twig\twig\src\Parser.php(85): Twig\Parser->filterBodyNodes(Object(Twig\Node\Node))
 3 VENDORPATH\twig\twig\src\Environment.php(491): Twig\Parser->parse(Object(Twig\TokenStream))
 4 VENDORPATH\twig\twig\src\Environment.php(519): Twig\Environment->parse(Object(Twig\TokenStream))
 5 VENDORPATH\twig\twig\src\Environment.php(351): Twig\Environment->compileSource(Object(Twig\Source))
 6 VENDORPATH\twig\twig\src\Environment.php(312): Twig\Environment->loadTemplate('__TwigTemplate_4ba8989efb67b91f80982e2a5114ee08', 'frontend/blog.twig')
 7 APPPATH\Libraries\Twig\Twig.php(104): Twig\Environment->load('frontend/blog.twig')
 8 APPPATH\Controllers\Blog.php(50): App\Libraries\Twig\Twig->render('frontend/blog', [...])
 9 SYSTEMPATH\CodeIgniter.php(934): App\Controllers\Blog->index()
10 SYSTEMPATH\CodeIgniter.php(499): CodeIgniter\CodeIgniter->runController(Object(App\Controllers\Blog))
11 SYSTEMPATH\CodeIgniter.php(368): CodeIgniter\CodeIgniter->handleRequest(null, Object(Config\Cache), false)
12 FCPATH\index.php(67): CodeIgniter\CodeIgniter->run()
CRITICAL - 2023-05-31 12:17:44 --> A template that extends another one cannot include content outside Twig blocks. Did you forget to put the content inside a {% block %} tag?
in APPPATH\Views\frontend\blog.twig on line 2.
 1 VENDORPATH\twig\twig\src\Parser.php(341): Twig\Parser->filterBodyNodes(Object(Twig\Node\TextNode), false)
 2 VENDORPATH\twig\twig\src\Parser.php(85): Twig\Parser->filterBodyNodes(Object(Twig\Node\Node))
 3 VENDORPATH\twig\twig\src\Environment.php(491): Twig\Parser->parse(Object(Twig\TokenStream))
 4 VENDORPATH\twig\twig\src\Environment.php(519): Twig\Environment->parse(Object(Twig\TokenStream))
 5 VENDORPATH\twig\twig\src\Environment.php(351): Twig\Environment->compileSource(Object(Twig\Source))
 6 VENDORPATH\twig\twig\src\Environment.php(312): Twig\Environment->loadTemplate('__TwigTemplate_4ba8989efb67b91f80982e2a5114ee08', 'frontend/blog.twig')
 7 APPPATH\Libraries\Twig\Twig.php(104): Twig\Environment->load('frontend/blog.twig')
 8 APPPATH\Controllers\Blog.php(50): App\Libraries\Twig\Twig->render('frontend/blog', [...])
 9 SYSTEMPATH\CodeIgniter.php(934): App\Controllers\Blog->index()
10 SYSTEMPATH\CodeIgniter.php(499): CodeIgniter\CodeIgniter->runController(Object(App\Controllers\Blog))
11 SYSTEMPATH\CodeIgniter.php(368): CodeIgniter\CodeIgniter->handleRequest(null, Object(Config\Cache), false)
12 FCPATH\index.php(67): CodeIgniter\CodeIgniter->run()
CRITICAL - 2023-05-31 12:17:45 --> A template that extends another one cannot include content outside Twig blocks. Did you forget to put the content inside a {% block %} tag?
in APPPATH\Views\frontend\blog.twig on line 2.
 1 VENDORPATH\twig\twig\src\Parser.php(341): Twig\Parser->filterBodyNodes(Object(Twig\Node\TextNode), false)
 2 VENDORPATH\twig\twig\src\Parser.php(85): Twig\Parser->filterBodyNodes(Object(Twig\Node\Node))
 3 VENDORPATH\twig\twig\src\Environment.php(491): Twig\Parser->parse(Object(Twig\TokenStream))
 4 VENDORPATH\twig\twig\src\Environment.php(519): Twig\Environment->parse(Object(Twig\TokenStream))
 5 VENDORPATH\twig\twig\src\Environment.php(351): Twig\Environment->compileSource(Object(Twig\Source))
 6 VENDORPATH\twig\twig\src\Environment.php(312): Twig\Environment->loadTemplate('__TwigTemplate_4ba8989efb67b91f80982e2a5114ee08', 'frontend/blog.twig')
 7 APPPATH\Libraries\Twig\Twig.php(104): Twig\Environment->load('frontend/blog.twig')
 8 APPPATH\Controllers\Blog.php(50): App\Libraries\Twig\Twig->render('frontend/blog', [...])
 9 SYSTEMPATH\CodeIgniter.php(934): App\Controllers\Blog->index()
10 SYSTEMPATH\CodeIgniter.php(499): CodeIgniter\CodeIgniter->runController(Object(App\Controllers\Blog))
11 SYSTEMPATH\CodeIgniter.php(368): CodeIgniter\CodeIgniter->handleRequest(null, Object(Config\Cache), false)
12 FCPATH\index.php(67): CodeIgniter\CodeIgniter->run()
CRITICAL - 2023-05-31 12:17:46 --> A template that extends another one cannot include content outside Twig blocks. Did you forget to put the content inside a {% block %} tag?
in APPPATH\Views\frontend\blog.twig on line 2.
 1 VENDORPATH\twig\twig\src\Parser.php(341): Twig\Parser->filterBodyNodes(Object(Twig\Node\TextNode), false)
 2 VENDORPATH\twig\twig\src\Parser.php(85): Twig\Parser->filterBodyNodes(Object(Twig\Node\Node))
 3 VENDORPATH\twig\twig\src\Environment.php(491): Twig\Parser->parse(Object(Twig\TokenStream))
 4 VENDORPATH\twig\twig\src\Environment.php(519): Twig\Environment->parse(Object(Twig\TokenStream))
 5 VENDORPATH\twig\twig\src\Environment.php(351): Twig\Environment->compileSource(Object(Twig\Source))
 6 VENDORPATH\twig\twig\src\Environment.php(312): Twig\Environment->loadTemplate('__TwigTemplate_4ba8989efb67b91f80982e2a5114ee08', 'frontend/blog.twig')
 7 APPPATH\Libraries\Twig\Twig.php(104): Twig\Environment->load('frontend/blog.twig')
 8 APPPATH\Controllers\Blog.php(50): App\Libraries\Twig\Twig->render('frontend/blog', [...])
 9 SYSTEMPATH\CodeIgniter.php(934): App\Controllers\Blog->index()
10 SYSTEMPATH\CodeIgniter.php(499): CodeIgniter\CodeIgniter->runController(Object(App\Controllers\Blog))
11 SYSTEMPATH\CodeIgniter.php(368): CodeIgniter\CodeIgniter->handleRequest(null, Object(Config\Cache), false)
12 FCPATH\index.php(67): CodeIgniter\CodeIgniter->run()
CRITICAL - 2023-05-31 12:17:56 --> A template that extends another one cannot include content outside Twig blocks. Did you forget to put the content inside a {% block %} tag?
in APPPATH\Views\frontend\blog.twig on line 2.
 1 VENDORPATH\twig\twig\src\Parser.php(341): Twig\Parser->filterBodyNodes(Object(Twig\Node\TextNode), false)
 2 VENDORPATH\twig\twig\src\Parser.php(85): Twig\Parser->filterBodyNodes(Object(Twig\Node\Node))
 3 VENDORPATH\twig\twig\src\Environment.php(491): Twig\Parser->parse(Object(Twig\TokenStream))
 4 VENDORPATH\twig\twig\src\Environment.php(519): Twig\Environment->parse(Object(Twig\TokenStream))
 5 VENDORPATH\twig\twig\src\Environment.php(351): Twig\Environment->compileSource(Object(Twig\Source))
 6 VENDORPATH\twig\twig\src\Environment.php(312): Twig\Environment->loadTemplate('__TwigTemplate_4ba8989efb67b91f80982e2a5114ee08', 'frontend/blog.twig')
 7 APPPATH\Libraries\Twig\Twig.php(104): Twig\Environment->load('frontend/blog.twig')
 8 APPPATH\Controllers\Blog.php(50): App\Libraries\Twig\Twig->render('frontend/blog', [...])
 9 SYSTEMPATH\CodeIgniter.php(934): App\Controllers\Blog->index()
10 SYSTEMPATH\CodeIgniter.php(499): CodeIgniter\CodeIgniter->runController(Object(App\Controllers\Blog))
11 SYSTEMPATH\CodeIgniter.php(368): CodeIgniter\CodeIgniter->handleRequest(null, Object(Config\Cache), false)
12 FCPATH\index.php(67): CodeIgniter\CodeIgniter->run()
CRITICAL - 2023-05-31 12:19:12 --> Unexpected token "end of statement block" ("name" expected with value "as").
in APPPATH\Views\frontend\blog.twig on line 1.
 1 VENDORPATH\twig\twig\src\TokenParser\ImportTokenParser.php(31): Twig\TokenStream->expect(5, 'as')
 2 VENDORPATH\twig\twig\src\Parser.php(170): Twig\TokenParser\ImportTokenParser->parse(Object(Twig\Token))
 3 VENDORPATH\twig\twig\src\Parser.php(83): Twig\Parser->subparse(null, false)
 4 VENDORPATH\twig\twig\src\Environment.php(491): Twig\Parser->parse(Object(Twig\TokenStream))
 5 VENDORPATH\twig\twig\src\Environment.php(519): Twig\Environment->parse(Object(Twig\TokenStream))
 6 VENDORPATH\twig\twig\src\Environment.php(351): Twig\Environment->compileSource(Object(Twig\Source))
 7 VENDORPATH\twig\twig\src\Environment.php(312): Twig\Environment->loadTemplate('__TwigTemplate_4ba8989efb67b91f80982e2a5114ee08', 'frontend/blog.twig')
 8 APPPATH\Libraries\Twig\Twig.php(104): Twig\Environment->load('frontend/blog.twig')
 9 APPPATH\Controllers\Blog.php(50): App\Libraries\Twig\Twig->render('frontend/blog', [...])
10 SYSTEMPATH\CodeIgniter.php(934): App\Controllers\Blog->index()
11 SYSTEMPATH\CodeIgniter.php(499): CodeIgniter\CodeIgniter->runController(Object(App\Controllers\Blog))
12 SYSTEMPATH\CodeIgniter.php(368): CodeIgniter\CodeIgniter->handleRequest(null, Object(Config\Cache), false)
13 FCPATH\index.php(67): CodeIgniter\CodeIgniter->run()
CRITICAL - 2023-05-31 12:19:25 --> Unexpected token "end of statement block" ("name" expected with value "as").
in APPPATH\Views\frontend\blog.twig on line 1.
 1 VENDORPATH\twig\twig\src\TokenParser\ImportTokenParser.php(31): Twig\TokenStream->expect(5, 'as')
 2 VENDORPATH\twig\twig\src\Parser.php(170): Twig\TokenParser\ImportTokenParser->parse(Object(Twig\Token))
 3 VENDORPATH\twig\twig\src\Parser.php(83): Twig\Parser->subparse(null, false)
 4 VENDORPATH\twig\twig\src\Environment.php(491): Twig\Parser->parse(Object(Twig\TokenStream))
 5 VENDORPATH\twig\twig\src\Environment.php(519): Twig\Environment->parse(Object(Twig\TokenStream))
 6 VENDORPATH\twig\twig\src\Environment.php(351): Twig\Environment->compileSource(Object(Twig\Source))
 7 VENDORPATH\twig\twig\src\Environment.php(312): Twig\Environment->loadTemplate('__TwigTemplate_4ba8989efb67b91f80982e2a5114ee08', 'frontend/blog.twig')
 8 APPPATH\Libraries\Twig\Twig.php(104): Twig\Environment->load('frontend/blog.twig')
 9 APPPATH\Controllers\Blog.php(50): App\Libraries\Twig\Twig->render('frontend/blog', [...])
10 SYSTEMPATH\CodeIgniter.php(934): App\Controllers\Blog->index()
11 SYSTEMPATH\CodeIgniter.php(499): CodeIgniter\CodeIgniter->runController(Object(App\Controllers\Blog))
12 SYSTEMPATH\CodeIgniter.php(368): CodeIgniter\CodeIgniter->handleRequest(null, Object(Config\Cache), false)
13 FCPATH\index.php(67): CodeIgniter\CodeIgniter->run()
CRITICAL - 2023-05-31 12:19:26 --> Unexpected token "end of statement block" ("name" expected with value "as").
in APPPATH\Views\frontend\blog.twig on line 1.
 1 VENDORPATH\twig\twig\src\TokenParser\ImportTokenParser.php(31): Twig\TokenStream->expect(5, 'as')
 2 VENDORPATH\twig\twig\src\Parser.php(170): Twig\TokenParser\ImportTokenParser->parse(Object(Twig\Token))
 3 VENDORPATH\twig\twig\src\Parser.php(83): Twig\Parser->subparse(null, false)
 4 VENDORPATH\twig\twig\src\Environment.php(491): Twig\Parser->parse(Object(Twig\TokenStream))
 5 VENDORPATH\twig\twig\src\Environment.php(519): Twig\Environment->parse(Object(Twig\TokenStream))
 6 VENDORPATH\twig\twig\src\Environment.php(351): Twig\Environment->compileSource(Object(Twig\Source))
 7 VENDORPATH\twig\twig\src\Environment.php(312): Twig\Environment->loadTemplate('__TwigTemplate_4ba8989efb67b91f80982e2a5114ee08', 'frontend/blog.twig')
 8 APPPATH\Libraries\Twig\Twig.php(104): Twig\Environment->load('frontend/blog.twig')
 9 APPPATH\Controllers\Blog.php(50): App\Libraries\Twig\Twig->render('frontend/blog', [...])
10 SYSTEMPATH\CodeIgniter.php(934): App\Controllers\Blog->index()
11 SYSTEMPATH\CodeIgniter.php(499): CodeIgniter\CodeIgniter->runController(Object(App\Controllers\Blog))
12 SYSTEMPATH\CodeIgniter.php(368): CodeIgniter\CodeIgniter->handleRequest(null, Object(Config\Cache), false)
13 FCPATH\index.php(67): CodeIgniter\CodeIgniter->run()
CRITICAL - 2023-05-31 12:20:10 --> Unable to find template "/header.twig" (looked into: C:\xampp\htdocs\codeigniter4\app\Config/../Views) in "frontend/blog.twig" at line 1.
in VENDORPATH\twig\twig\src\Loader\FilesystemLoader.php on line 227.
 1 VENDORPATH\twig\twig\src\Loader\FilesystemLoader.php(131): Twig\Loader\FilesystemLoader->findTemplate('/header.twig')
 2 VENDORPATH\twig\twig\src\Environment.php(264): Twig\Loader\FilesystemLoader->getCacheKey('/header.twig')
 3 VENDORPATH\twig\twig\src\Template.php(319): Twig\Environment->getTemplateClass('/header.twig')
 4 VENDORPATH\twig\twig\src\Environment.php(361) : eval()'d code(37): Twig\Template->loadTemplate('/header.twig', 'frontend/blog.twig', 1)
 5 VENDORPATH\twig\twig\src\Template.php(394): __TwigTemplate_4ba8989efb67b91f80982e2a5114ee08->doDisplay([...], [])
 6 VENDORPATH\twig\twig\src\Template.php(367): Twig\Template->displayWithErrorHandling([...], [])
 7 VENDORPATH\twig\twig\src\Template.php(379): Twig\Template->display([...])
 8 VENDORPATH\twig\twig\src\TemplateWrapper.php(40): Twig\Template->render([...], [])
 9 APPPATH\Libraries\Twig\Twig.php(108): Twig\TemplateWrapper->render([...])
10 APPPATH\Controllers\Blog.php(50): App\Libraries\Twig\Twig->render('frontend/blog', [...])
11 SYSTEMPATH\CodeIgniter.php(934): App\Controllers\Blog->index()
12 SYSTEMPATH\CodeIgniter.php(499): CodeIgniter\CodeIgniter->runController(Object(App\Controllers\Blog))
13 SYSTEMPATH\CodeIgniter.php(368): CodeIgniter\CodeIgniter->handleRequest(null, Object(Config\Cache), false)
14 FCPATH\index.php(67): CodeIgniter\CodeIgniter->run()
CRITICAL - 2023-05-31 12:20:11 --> Unable to find template "/header.twig" (looked into: C:\xampp\htdocs\codeigniter4\app\Config/../Views) in "frontend/blog.twig" at line 1.
in VENDORPATH\twig\twig\src\Loader\FilesystemLoader.php on line 227.
 1 VENDORPATH\twig\twig\src\Loader\FilesystemLoader.php(131): Twig\Loader\FilesystemLoader->findTemplate('/header.twig')
 2 VENDORPATH\twig\twig\src\Environment.php(264): Twig\Loader\FilesystemLoader->getCacheKey('/header.twig')
 3 VENDORPATH\twig\twig\src\Template.php(319): Twig\Environment->getTemplateClass('/header.twig')
 4 VENDORPATH\twig\twig\src\Environment.php(361) : eval()'d code(37): Twig\Template->loadTemplate('/header.twig', 'frontend/blog.twig', 1)
 5 VENDORPATH\twig\twig\src\Template.php(394): __TwigTemplate_4ba8989efb67b91f80982e2a5114ee08->doDisplay([...], [])
 6 VENDORPATH\twig\twig\src\Template.php(367): Twig\Template->displayWithErrorHandling([...], [])
 7 VENDORPATH\twig\twig\src\Template.php(379): Twig\Template->display([...])
 8 VENDORPATH\twig\twig\src\TemplateWrapper.php(40): Twig\Template->render([...], [])
 9 APPPATH\Libraries\Twig\Twig.php(108): Twig\TemplateWrapper->render([...])
10 APPPATH\Controllers\Blog.php(50): App\Libraries\Twig\Twig->render('frontend/blog', [...])
11 SYSTEMPATH\CodeIgniter.php(934): App\Controllers\Blog->index()
12 SYSTEMPATH\CodeIgniter.php(499): CodeIgniter\CodeIgniter->runController(Object(App\Controllers\Blog))
13 SYSTEMPATH\CodeIgniter.php(368): CodeIgniter\CodeIgniter->handleRequest(null, Object(Config\Cache), false)
14 FCPATH\index.php(67): CodeIgniter\CodeIgniter->run()
CRITICAL - 2023-05-31 12:20:11 --> Unable to find template "/header.twig" (looked into: C:\xampp\htdocs\codeigniter4\app\Config/../Views) in "frontend/blog.twig" at line 1.
in VENDORPATH\twig\twig\src\Loader\FilesystemLoader.php on line 227.
 1 VENDORPATH\twig\twig\src\Loader\FilesystemLoader.php(131): Twig\Loader\FilesystemLoader->findTemplate('/header.twig')
 2 VENDORPATH\twig\twig\src\Environment.php(264): Twig\Loader\FilesystemLoader->getCacheKey('/header.twig')
 3 VENDORPATH\twig\twig\src\Template.php(319): Twig\Environment->getTemplateClass('/header.twig')
 4 VENDORPATH\twig\twig\src\Environment.php(361) : eval()'d code(37): Twig\Template->loadTemplate('/header.twig', 'frontend/blog.twig', 1)
 5 VENDORPATH\twig\twig\src\Template.php(394): __TwigTemplate_4ba8989efb67b91f80982e2a5114ee08->doDisplay([...], [])
 6 VENDORPATH\twig\twig\src\Template.php(367): Twig\Template->displayWithErrorHandling([...], [])
 7 VENDORPATH\twig\twig\src\Template.php(379): Twig\Template->display([...])
 8 VENDORPATH\twig\twig\src\TemplateWrapper.php(40): Twig\Template->render([...], [])
 9 APPPATH\Libraries\Twig\Twig.php(108): Twig\TemplateWrapper->render([...])
10 APPPATH\Controllers\Blog.php(50): App\Libraries\Twig\Twig->render('frontend/blog', [...])
11 SYSTEMPATH\CodeIgniter.php(934): App\Controllers\Blog->index()
12 SYSTEMPATH\CodeIgniter.php(499): CodeIgniter\CodeIgniter->runController(Object(App\Controllers\Blog))
13 SYSTEMPATH\CodeIgniter.php(368): CodeIgniter\CodeIgniter->handleRequest(null, Object(Config\Cache), false)
14 FCPATH\index.php(67): CodeIgniter\CodeIgniter->run()
CRITICAL - 2023-05-31 12:20:12 --> Unable to find template "/header.twig" (looked into: C:\xampp\htdocs\codeigniter4\app\Config/../Views) in "frontend/blog.twig" at line 1.
in VENDORPATH\twig\twig\src\Loader\FilesystemLoader.php on line 227.
 1 VENDORPATH\twig\twig\src\Loader\FilesystemLoader.php(131): Twig\Loader\FilesystemLoader->findTemplate('/header.twig')
 2 VENDORPATH\twig\twig\src\Environment.php(264): Twig\Loader\FilesystemLoader->getCacheKey('/header.twig')
 3 VENDORPATH\twig\twig\src\Template.php(319): Twig\Environment->getTemplateClass('/header.twig')
 4 VENDORPATH\twig\twig\src\Environment.php(361) : eval()'d code(37): Twig\Template->loadTemplate('/header.twig', 'frontend/blog.twig', 1)
 5 VENDORPATH\twig\twig\src\Template.php(394): __TwigTemplate_4ba8989efb67b91f80982e2a5114ee08->doDisplay([...], [])
 6 VENDORPATH\twig\twig\src\Template.php(367): Twig\Template->displayWithErrorHandling([...], [])
 7 VENDORPATH\twig\twig\src\Template.php(379): Twig\Template->display([...])
 8 VENDORPATH\twig\twig\src\TemplateWrapper.php(40): Twig\Template->render([...], [])
 9 APPPATH\Libraries\Twig\Twig.php(108): Twig\TemplateWrapper->render([...])
10 APPPATH\Controllers\Blog.php(50): App\Libraries\Twig\Twig->render('frontend/blog', [...])
11 SYSTEMPATH\CodeIgniter.php(934): App\Controllers\Blog->index()
12 SYSTEMPATH\CodeIgniter.php(499): CodeIgniter\CodeIgniter->runController(Object(App\Controllers\Blog))
13 SYSTEMPATH\CodeIgniter.php(368): CodeIgniter\CodeIgniter->handleRequest(null, Object(Config\Cache), false)
14 FCPATH\index.php(67): CodeIgniter\CodeIgniter->run()
CRITICAL - 2023-05-31 12:20:31 --> Unable to find template "/header.twig" (looked into: C:\xampp\htdocs\codeigniter4\app\Config/../Views) in "frontend/blog.twig" at line 1.
in VENDORPATH\twig\twig\src\Loader\FilesystemLoader.php on line 227.
 1 VENDORPATH\twig\twig\src\Loader\FilesystemLoader.php(131): Twig\Loader\FilesystemLoader->findTemplate('/header.twig')
 2 VENDORPATH\twig\twig\src\Environment.php(264): Twig\Loader\FilesystemLoader->getCacheKey('/header.twig')
 3 VENDORPATH\twig\twig\src\Template.php(319): Twig\Environment->getTemplateClass('/header.twig')
 4 VENDORPATH\twig\twig\src\Environment.php(361) : eval()'d code(37): Twig\Template->loadTemplate('/header.twig', 'frontend/blog.twig', 1)
 5 VENDORPATH\twig\twig\src\Template.php(394): __TwigTemplate_4ba8989efb67b91f80982e2a5114ee08->doDisplay([...], [])
 6 VENDORPATH\twig\twig\src\Template.php(367): Twig\Template->displayWithErrorHandling([...], [])
 7 VENDORPATH\twig\twig\src\Template.php(379): Twig\Template->display([...])
 8 VENDORPATH\twig\twig\src\TemplateWrapper.php(40): Twig\Template->render([...], [])
 9 APPPATH\Libraries\Twig\Twig.php(108): Twig\TemplateWrapper->render([...])
10 APPPATH\Controllers\Blog.php(50): App\Libraries\Twig\Twig->render('frontend/blog', [...])
11 SYSTEMPATH\CodeIgniter.php(934): App\Controllers\Blog->index()
12 SYSTEMPATH\CodeIgniter.php(499): CodeIgniter\CodeIgniter->runController(Object(App\Controllers\Blog))
13 SYSTEMPATH\CodeIgniter.php(368): CodeIgniter\CodeIgniter->handleRequest(null, Object(Config\Cache), false)
14 FCPATH\index.php(67): CodeIgniter\CodeIgniter->run()
CRITICAL - 2023-05-31 12:20:32 --> Unable to find template "/header.twig" (looked into: C:\xampp\htdocs\codeigniter4\app\Config/../Views) in "frontend/blog.twig" at line 1.
in VENDORPATH\twig\twig\src\Loader\FilesystemLoader.php on line 227.
 1 VENDORPATH\twig\twig\src\Loader\FilesystemLoader.php(131): Twig\Loader\FilesystemLoader->findTemplate('/header.twig')
 2 VENDORPATH\twig\twig\src\Environment.php(264): Twig\Loader\FilesystemLoader->getCacheKey('/header.twig')
 3 VENDORPATH\twig\twig\src\Template.php(319): Twig\Environment->getTemplateClass('/header.twig')
 4 VENDORPATH\twig\twig\src\Environment.php(361) : eval()'d code(37): Twig\Template->loadTemplate('/header.twig', 'frontend/blog.twig', 1)
 5 VENDORPATH\twig\twig\src\Template.php(394): __TwigTemplate_4ba8989efb67b91f80982e2a5114ee08->doDisplay([...], [])
 6 VENDORPATH\twig\twig\src\Template.php(367): Twig\Template->displayWithErrorHandling([...], [])
 7 VENDORPATH\twig\twig\src\Template.php(379): Twig\Template->display([...])
 8 VENDORPATH\twig\twig\src\TemplateWrapper.php(40): Twig\Template->render([...], [])
 9 APPPATH\Libraries\Twig\Twig.php(108): Twig\TemplateWrapper->render([...])
10 APPPATH\Controllers\Blog.php(50): App\Libraries\Twig\Twig->render('frontend/blog', [...])
11 SYSTEMPATH\CodeIgniter.php(934): App\Controllers\Blog->index()
12 SYSTEMPATH\CodeIgniter.php(499): CodeIgniter\CodeIgniter->runController(Object(App\Controllers\Blog))
13 SYSTEMPATH\CodeIgniter.php(368): CodeIgniter\CodeIgniter->handleRequest(null, Object(Config\Cache), false)
14 FCPATH\index.php(67): CodeIgniter\CodeIgniter->run()
CRITICAL - 2023-05-31 12:21:30 --> A template that extends another one cannot include content outside Twig blocks. Did you forget to put the content inside a {% block %} tag?
in APPPATH\Views\frontend\blog.twig on line 2.
 1 VENDORPATH\twig\twig\src\Parser.php(341): Twig\Parser->filterBodyNodes(Object(Twig\Node\TextNode), false)
 2 VENDORPATH\twig\twig\src\Parser.php(85): Twig\Parser->filterBodyNodes(Object(Twig\Node\Node))
 3 VENDORPATH\twig\twig\src\Environment.php(491): Twig\Parser->parse(Object(Twig\TokenStream))
 4 VENDORPATH\twig\twig\src\Environment.php(519): Twig\Environment->parse(Object(Twig\TokenStream))
 5 VENDORPATH\twig\twig\src\Environment.php(351): Twig\Environment->compileSource(Object(Twig\Source))
 6 VENDORPATH\twig\twig\src\Environment.php(312): Twig\Environment->loadTemplate('__TwigTemplate_4ba8989efb67b91f80982e2a5114ee08', 'frontend/blog.twig')
 7 APPPATH\Libraries\Twig\Twig.php(104): Twig\Environment->load('frontend/blog.twig')
 8 APPPATH\Controllers\Blog.php(50): App\Libraries\Twig\Twig->render('frontend/blog', [...])
 9 SYSTEMPATH\CodeIgniter.php(934): App\Controllers\Blog->index()
10 SYSTEMPATH\CodeIgniter.php(499): CodeIgniter\CodeIgniter->runController(Object(App\Controllers\Blog))
11 SYSTEMPATH\CodeIgniter.php(368): CodeIgniter\CodeIgniter->handleRequest(null, Object(Config\Cache), false)
12 FCPATH\index.php(67): CodeIgniter\CodeIgniter->run()
CRITICAL - 2023-05-31 12:21:31 --> A template that extends another one cannot include content outside Twig blocks. Did you forget to put the content inside a {% block %} tag?
in APPPATH\Views\frontend\blog.twig on line 2.
 1 VENDORPATH\twig\twig\src\Parser.php(341): Twig\Parser->filterBodyNodes(Object(Twig\Node\TextNode), false)
 2 VENDORPATH\twig\twig\src\Parser.php(85): Twig\Parser->filterBodyNodes(Object(Twig\Node\Node))
 3 VENDORPATH\twig\twig\src\Environment.php(491): Twig\Parser->parse(Object(Twig\TokenStream))
 4 VENDORPATH\twig\twig\src\Environment.php(519): Twig\Environment->parse(Object(Twig\TokenStream))
 5 VENDORPATH\twig\twig\src\Environment.php(351): Twig\Environment->compileSource(Object(Twig\Source))
 6 VENDORPATH\twig\twig\src\Environment.php(312): Twig\Environment->loadTemplate('__TwigTemplate_4ba8989efb67b91f80982e2a5114ee08', 'frontend/blog.twig')
 7 APPPATH\Libraries\Twig\Twig.php(104): Twig\Environment->load('frontend/blog.twig')
 8 APPPATH\Controllers\Blog.php(50): App\Libraries\Twig\Twig->render('frontend/blog', [...])
 9 SYSTEMPATH\CodeIgniter.php(934): App\Controllers\Blog->index()
10 SYSTEMPATH\CodeIgniter.php(499): CodeIgniter\CodeIgniter->runController(Object(App\Controllers\Blog))
11 SYSTEMPATH\CodeIgniter.php(368): CodeIgniter\CodeIgniter->handleRequest(null, Object(Config\Cache), false)
12 FCPATH\index.php(67): CodeIgniter\CodeIgniter->run()
CRITICAL - 2023-05-31 12:38:25 --> Unable to find template "/header.twig" (looked into: C:\xampp\htdocs\codeigniter4\app\Config/../Views) in "frontend/blog.twig" at line 1.
in VENDORPATH\twig\twig\src\Loader\FilesystemLoader.php on line 227.
 1 VENDORPATH\twig\twig\src\Loader\FilesystemLoader.php(131): Twig\Loader\FilesystemLoader->findTemplate('/header.twig')
 2 VENDORPATH\twig\twig\src\Environment.php(264): Twig\Loader\FilesystemLoader->getCacheKey('/header.twig')
 3 VENDORPATH\twig\twig\src\Template.php(319): Twig\Environment->getTemplateClass('/header.twig')
 4 VENDORPATH\twig\twig\src\Environment.php(361) : eval()'d code(37): Twig\Template->loadTemplate('/header.twig', 'frontend/blog.twig', 1)
 5 VENDORPATH\twig\twig\src\Template.php(394): __TwigTemplate_4ba8989efb67b91f80982e2a5114ee08->doDisplay([...], [])
 6 VENDORPATH\twig\twig\src\Template.php(367): Twig\Template->displayWithErrorHandling([...], [])
 7 VENDORPATH\twig\twig\src\Template.php(379): Twig\Template->display([...])
 8 VENDORPATH\twig\twig\src\TemplateWrapper.php(40): Twig\Template->render([...], [])
 9 APPPATH\Libraries\Twig\Twig.php(108): Twig\TemplateWrapper->render([...])
10 APPPATH\Controllers\Blog.php(50): App\Libraries\Twig\Twig->render('frontend/blog', [...])
11 SYSTEMPATH\CodeIgniter.php(934): App\Controllers\Blog->index()
12 SYSTEMPATH\CodeIgniter.php(499): CodeIgniter\CodeIgniter->runController(Object(App\Controllers\Blog))
13 SYSTEMPATH\CodeIgniter.php(368): CodeIgniter\CodeIgniter->handleRequest(null, Object(Config\Cache), false)
14 FCPATH\index.php(67): CodeIgniter\CodeIgniter->run()
CRITICAL - 2023-05-31 14:15:38 --> Undefined constant "App\Controllers\e"
in APPPATH\Controllers\Auth.php on line 42.
 1 SYSTEMPATH\CodeIgniter.php(934): App\Controllers\Auth->admin()
 2 SYSTEMPATH\CodeIgniter.php(499): CodeIgniter\CodeIgniter->runController(Object(App\Controllers\Auth))
 3 SYSTEMPATH\CodeIgniter.php(368): CodeIgniter\CodeIgniter->handleRequest(null, Object(Config\Cache), false)
 4 FCPATH\index.php(67): CodeIgniter\CodeIgniter->run()
