CRITICAL - 2023-06-05 09:03:40 --> Unexpected character "$".
in APPPATH\Views\backend\admin.twig on line 5.
 1 VENDORPATH\twig\twig\src\Lexer.php(303): Twig\Lexer->lexExpression()
 2 VENDORPATH\twig\twig\src\Lexer.php(197): Twig\Lexer->lexVar()
 3 VENDORPATH\twig\twig\src\Environment.php(472): Twig\Lexer->tokenize(Object(Twig\Source))
 4 VENDORPATH\twig\twig\src\Environment.php(519): Twig\Environment->tokenize(Object(Twig\Source))
 5 VENDORPATH\twig\twig\src\Environment.php(351): Twig\Environment->compileSource(Object(Twig\Source))
 6 VENDORPATH\twig\twig\src\Environment.php(312): Twig\Environment->loadTemplate('__TwigTemplate_a2016b6d7958d1873a58ca831c1f3050', 'backend/admin.twig')
 7 APPPATH\Libraries\Twig\Twig.php(104): Twig\Environment->load('backend/admin.twig')
 8 APPPATH\Controllers\Auth.php(43): App\Libraries\Twig\Twig->render('backend/admin', [...])
 9 SYSTEMPATH\CodeIgniter.php(934): App\Controllers\Auth->admin()
10 SYSTEMPATH\CodeIgniter.php(499): CodeIgniter\CodeIgniter->runController(Object(App\Controllers\Auth))
11 SYSTEMPATH\CodeIgniter.php(368): CodeIgniter\CodeIgniter->handleRequest(null, Object(Config\Cache), false)
12 FCPATH\index.php(67): CodeIgniter\CodeIgniter->run()
CRITICAL - 2023-06-05 09:03:41 --> Unexpected character "$".
in APPPATH\Views\backend\admin.twig on line 5.
 1 VENDORPATH\twig\twig\src\Lexer.php(303): Twig\Lexer->lexExpression()
 2 VENDORPATH\twig\twig\src\Lexer.php(197): Twig\Lexer->lexVar()
 3 VENDORPATH\twig\twig\src\Environment.php(472): Twig\Lexer->tokenize(Object(Twig\Source))
 4 VENDORPATH\twig\twig\src\Environment.php(519): Twig\Environment->tokenize(Object(Twig\Source))
 5 VENDORPATH\twig\twig\src\Environment.php(351): Twig\Environment->compileSource(Object(Twig\Source))
 6 VENDORPATH\twig\twig\src\Environment.php(312): Twig\Environment->loadTemplate('__TwigTemplate_a2016b6d7958d1873a58ca831c1f3050', 'backend/admin.twig')
 7 APPPATH\Libraries\Twig\Twig.php(104): Twig\Environment->load('backend/admin.twig')
 8 APPPATH\Controllers\Auth.php(43): App\Libraries\Twig\Twig->render('backend/admin', [...])
 9 SYSTEMPATH\CodeIgniter.php(934): App\Controllers\Auth->admin()
10 SYSTEMPATH\CodeIgniter.php(499): CodeIgniter\CodeIgniter->runController(Object(App\Controllers\Auth))
11 SYSTEMPATH\CodeIgniter.php(368): CodeIgniter\CodeIgniter->handleRequest(null, Object(Config\Cache), false)
12 FCPATH\index.php(67): CodeIgniter\CodeIgniter->run()
CRITICAL - 2023-06-05 12:23:49 --> Unexpected operator of value "=". Did you try to use "===" or "!==" for strict comparison? Use "is same as(value)" instead.
in APPPATH\Views\backend\admin_details.twig on line 33.
 1 VENDORPATH\twig\twig\src\ExpressionParser.php(177): Twig\ExpressionParser->parsePrimaryExpression()
 2 VENDORPATH\twig\twig\src\ExpressionParser.php(72): Twig\ExpressionParser->getPrimary()
 3 VENDORPATH\twig\twig\src\ExpressionParser.php(85): Twig\ExpressionParser->parseExpression(21, true)
 4 VENDORPATH\twig\twig\src\TokenParser\IfTokenParser.php(38): Twig\ExpressionParser->parseExpression()
 5 VENDORPATH\twig\twig\src\Parser.php(170): Twig\TokenParser\IfTokenParser->parse(Object(Twig\Token))
 6 VENDORPATH\twig\twig\src\TokenParser\IfTokenParser.php(50): Twig\Parser->subparse([...])
 7 VENDORPATH\twig\twig\src\Parser.php(170): Twig\TokenParser\IfTokenParser->parse(Object(Twig\Token))
 8 VENDORPATH\twig\twig\src\TokenParser\ForTokenParser.php(42): Twig\Parser->subparse([...])
 9 VENDORPATH\twig\twig\src\Parser.php(170): Twig\TokenParser\ForTokenParser->parse(Object(Twig\Token))
10 VENDORPATH\twig\twig\src\Parser.php(83): Twig\Parser->subparse(null, false)
11 VENDORPATH\twig\twig\src\Environment.php(491): Twig\Parser->parse(Object(Twig\TokenStream))
12 VENDORPATH\twig\twig\src\Environment.php(519): Twig\Environment->parse(Object(Twig\TokenStream))
13 VENDORPATH\twig\twig\src\Environment.php(351): Twig\Environment->compileSource(Object(Twig\Source))
14 VENDORPATH\twig\twig\src\Environment.php(312): Twig\Environment->loadTemplate('__TwigTemplate_53f8fd443ecdaaef4b828b2d89555c0e', 'backend/admin_details.twig')
15 APPPATH\Libraries\Twig\Twig.php(104): Twig\Environment->load('backend/admin_details.twig')
16 APPPATH\Controllers\Auth.php(90): App\Libraries\Twig\Twig->render('backend/admin_details', [...])
17 SYSTEMPATH\CodeIgniter.php(934): App\Controllers\Auth->admin_details('2')
18 SYSTEMPATH\CodeIgniter.php(499): CodeIgniter\CodeIgniter->runController(Object(App\Controllers\Auth))
19 SYSTEMPATH\CodeIgniter.php(368): CodeIgniter\CodeIgniter->handleRequest(null, Object(Config\Cache), false)
20 FCPATH\index.php(67): CodeIgniter\CodeIgniter->run()
CRITICAL - 2023-06-05 12:23:49 --> Unexpected operator of value "=". Did you try to use "===" or "!==" for strict comparison? Use "is same as(value)" instead.
in APPPATH\Views\backend\admin_details.twig on line 33.
 1 VENDORPATH\twig\twig\src\ExpressionParser.php(177): Twig\ExpressionParser->parsePrimaryExpression()
 2 VENDORPATH\twig\twig\src\ExpressionParser.php(72): Twig\ExpressionParser->getPrimary()
 3 VENDORPATH\twig\twig\src\ExpressionParser.php(85): Twig\ExpressionParser->parseExpression(21, true)
 4 VENDORPATH\twig\twig\src\TokenParser\IfTokenParser.php(38): Twig\ExpressionParser->parseExpression()
 5 VENDORPATH\twig\twig\src\Parser.php(170): Twig\TokenParser\IfTokenParser->parse(Object(Twig\Token))
 6 VENDORPATH\twig\twig\src\TokenParser\IfTokenParser.php(50): Twig\Parser->subparse([...])
 7 VENDORPATH\twig\twig\src\Parser.php(170): Twig\TokenParser\IfTokenParser->parse(Object(Twig\Token))
 8 VENDORPATH\twig\twig\src\TokenParser\ForTokenParser.php(42): Twig\Parser->subparse([...])
 9 VENDORPATH\twig\twig\src\Parser.php(170): Twig\TokenParser\ForTokenParser->parse(Object(Twig\Token))
10 VENDORPATH\twig\twig\src\Parser.php(83): Twig\Parser->subparse(null, false)
11 VENDORPATH\twig\twig\src\Environment.php(491): Twig\Parser->parse(Object(Twig\TokenStream))
12 VENDORPATH\twig\twig\src\Environment.php(519): Twig\Environment->parse(Object(Twig\TokenStream))
13 VENDORPATH\twig\twig\src\Environment.php(351): Twig\Environment->compileSource(Object(Twig\Source))
14 VENDORPATH\twig\twig\src\Environment.php(312): Twig\Environment->loadTemplate('__TwigTemplate_53f8fd443ecdaaef4b828b2d89555c0e', 'backend/admin_details.twig')
15 APPPATH\Libraries\Twig\Twig.php(104): Twig\Environment->load('backend/admin_details.twig')
16 APPPATH\Controllers\Auth.php(90): App\Libraries\Twig\Twig->render('backend/admin_details', [...])
17 SYSTEMPATH\CodeIgniter.php(934): App\Controllers\Auth->admin_details('2')
18 SYSTEMPATH\CodeIgniter.php(499): CodeIgniter\CodeIgniter->runController(Object(App\Controllers\Auth))
19 SYSTEMPATH\CodeIgniter.php(368): CodeIgniter\CodeIgniter->handleRequest(null, Object(Config\Cache), false)
20 FCPATH\index.php(67): CodeIgniter\CodeIgniter->run()
CRITICAL - 2023-06-05 12:53:24 --> Unexpected end of template.
in APPPATH\Views\backend\admin.twig on line 94.
 1 VENDORPATH\twig\twig\src\TokenParser\IfTokenParser.php(47): Twig\TokenStream->next()
 2 VENDORPATH\twig\twig\src\Parser.php(170): Twig\TokenParser\IfTokenParser->parse(Object(Twig\Token))
 3 VENDORPATH\twig\twig\src\Parser.php(83): Twig\Parser->subparse(null, false)
 4 VENDORPATH\twig\twig\src\Environment.php(491): Twig\Parser->parse(Object(Twig\TokenStream))
 5 VENDORPATH\twig\twig\src\Environment.php(519): Twig\Environment->parse(Object(Twig\TokenStream))
 6 VENDORPATH\twig\twig\src\Environment.php(351): Twig\Environment->compileSource(Object(Twig\Source))
 7 VENDORPATH\twig\twig\src\Environment.php(312): Twig\Environment->loadTemplate('__TwigTemplate_a2016b6d7958d1873a58ca831c1f3050', 'backend/admin.twig')
 8 APPPATH\Libraries\Twig\Twig.php(104): Twig\Environment->load('backend/admin.twig')
 9 APPPATH\Controllers\Auth.php(84): App\Libraries\Twig\Twig->render('backend/admin', [...])
10 SYSTEMPATH\CodeIgniter.php(934): App\Controllers\Auth->admin()
11 SYSTEMPATH\CodeIgniter.php(499): CodeIgniter\CodeIgniter->runController(Object(App\Controllers\Auth))
12 SYSTEMPATH\CodeIgniter.php(368): CodeIgniter\CodeIgniter->handleRequest(null, Object(Config\Cache), false)
13 FCPATH\index.php(67): CodeIgniter\CodeIgniter->run()
